2022-03-04 11:53:21,162 INFO l.e.j.JdbcExecutor [main] SELECT COUNT(*) FROM PUBLIC.DATABASECHANGELOGLOCK
2022-03-04 11:53:21,181 INFO l.e.j.JdbcExecutor [main] CREATE TABLE PUBLIC.DATABASECHANGELOGLOCK (ID INT NOT NULL, LOCKED BOOLEAN NOT NULL, LOCKGRANTED TIMESTAMP, LOCKEDBY VARCHAR(255), CONSTRAINT PK_DATABASECHANGELOGLOCK PRIMARY KEY (ID))
2022-03-04 11:53:21,188 INFO l.e.j.JdbcExecutor [main] SELECT COUNT(*) FROM PUBLIC.DATABASECHANGELOGLOCK
2022-03-04 11:53:21,191 INFO l.e.j.JdbcExecutor [main] DELETE FROM PUBLIC.DATABASECHANGELOGLOCK
2022-03-04 11:53:21,193 INFO l.e.j.JdbcExecutor [main] INSERT INTO PUBLIC.DATABASECHANGELOGLOCK (ID, LOCKED) VALUES (1, FALSE)
2022-03-04 11:53:21,197 INFO l.e.j.JdbcExecutor [main] SELECT LOCKED FROM PUBLIC.DATABASECHANGELOGLOCK WHERE ID=1
2022-03-04 11:53:21,208 INFO l.l.StandardLockService [main] Successfully acquired change log lock
2022-03-04 11:53:22,083 INFO l.c.StandardChangeLogHistoryService [main] Creating database history table with name: PUBLIC.DATABASECHANGELOG
2022-03-04 11:53:22,083 INFO l.e.j.JdbcExecutor [main] CREATE TABLE PUBLIC.DATABASECHANGELOG (ID VARCHAR(255) NOT NULL, AUTHOR VARCHAR(255) NOT NULL, FILENAME VARCHAR(255) NOT NULL, DATEEXECUTED TIMESTAMP NOT NULL, ORDEREXECUTED INT NOT NULL, EXECTYPE VARCHAR(10) NOT NULL, MD5SUM VARCHAR(35), DESCRIPTION VARCHAR(255), COMMENTS VARCHAR(255), TAG VARCHAR(255), LIQUIBASE VARCHAR(20), CONTEXTS VARCHAR(255), LABELS VARCHAR(255), DEPLOYMENT_ID VARCHAR(10))
2022-03-04 11:53:22,084 INFO l.e.j.JdbcExecutor [main] SELECT COUNT(*) FROM PUBLIC.DATABASECHANGELOG
2022-03-04 11:53:22,085 INFO l.c.StandardChangeLogHistoryService [main] Reading from PUBLIC.DATABASECHANGELOG
2022-03-04 11:53:22,085 INFO l.e.j.JdbcExecutor [main] SELECT * FROM PUBLIC.DATABASECHANGELOG ORDER BY DATEEXECUTED ASC, ORDEREXECUTED ASC
2022-03-04 11:53:22,086 INFO l.e.j.JdbcExecutor [main] SELECT COUNT(*) FROM PUBLIC.DATABASECHANGELOGLOCK
2022-03-04 11:53:22,100 INFO l.e.j.JdbcExecutor [main] CREATE TABLE PUBLIC.USER (ID NUMBER(38) AUTO_INCREMENT NOT NULL, USER_NAME NVARCHAR(25), PASSWORD NVARCHAR(25), EMAIL NVARCHAR(25), FIRST_NAME NVARCHAR(25), SURNAME1 NVARCHAR(25), SURNAME2 NVARCHAR(25), NIF NVARCHAR(9), CREATED_DATE TIMESTAMP, MODIFIED_DATE TIMESTAMP, CONSTRAINT USER_PK PRIMARY KEY (ID))
2022-03-04 11:53:22,111 INFO l.c.ChangeSet [main] Table USER created
2022-03-04 11:53:22,111 INFO l.c.ChangeSet [main] ChangeSet db.changelog-ddl-v1.0.0.xml::USER-TABLE::martin.pons ran successfully in 14ms
2022-03-04 11:53:22,112 INFO l.e.j.JdbcExecutor [main] SELECT MAX(ORDEREXECUTED) FROM PUBLIC.DATABASECHANGELOG
2022-03-04 11:53:22,118 INFO l.e.j.JdbcExecutor [main] INSERT INTO PUBLIC.DATABASECHANGELOG (ID, AUTHOR, FILENAME, DATEEXECUTED, ORDEREXECUTED, MD5SUM, DESCRIPTION, COMMENTS, EXECTYPE, CONTEXTS, LABELS, LIQUIBASE, DEPLOYMENT_ID) VALUES ('USER-TABLE', 'martin.pons', 'db.changelog-ddl-v1.0.0.xml', NOW(), 1, '8:ac29d2289086c092a667689b31783da9', 'createTable tableName=USER', '', 'EXECUTED', NULL, NULL, '3.8.0', '6391202086')
2022-03-04 11:53:22,131 INFO l.l.StandardLockService [main] Successfully released change log lock
2022-03-04 11:57:02,898 INFO l.e.j.JdbcExecutor [main] SELECT COUNT(*) FROM PUBLIC.DATABASECHANGELOGLOCK
2022-03-04 11:57:02,909 INFO l.e.j.JdbcExecutor [main] CREATE TABLE PUBLIC.DATABASECHANGELOGLOCK (ID INT NOT NULL, LOCKED BOOLEAN NOT NULL, LOCKGRANTED TIMESTAMP, LOCKEDBY VARCHAR(255), CONSTRAINT PK_DATABASECHANGELOGLOCK PRIMARY KEY (ID))
2022-03-04 11:57:02,913 INFO l.e.j.JdbcExecutor [main] SELECT COUNT(*) FROM PUBLIC.DATABASECHANGELOGLOCK
2022-03-04 11:57:02,915 INFO l.e.j.JdbcExecutor [main] DELETE FROM PUBLIC.DATABASECHANGELOGLOCK
2022-03-04 11:57:02,917 INFO l.e.j.JdbcExecutor [main] INSERT INTO PUBLIC.DATABASECHANGELOGLOCK (ID, LOCKED) VALUES (1, FALSE)
2022-03-04 11:57:02,920 INFO l.e.j.JdbcExecutor [main] SELECT LOCKED FROM PUBLIC.DATABASECHANGELOGLOCK WHERE ID=1
2022-03-04 11:57:02,927 INFO l.l.StandardLockService [main] Successfully acquired change log lock
2022-03-04 11:57:03,686 INFO l.c.StandardChangeLogHistoryService [main] Creating database history table with name: PUBLIC.DATABASECHANGELOG
2022-03-04 11:57:03,686 INFO l.e.j.JdbcExecutor [main] CREATE TABLE PUBLIC.DATABASECHANGELOG (ID VARCHAR(255) NOT NULL, AUTHOR VARCHAR(255) NOT NULL, FILENAME VARCHAR(255) NOT NULL, DATEEXECUTED TIMESTAMP NOT NULL, ORDEREXECUTED INT NOT NULL, EXECTYPE VARCHAR(10) NOT NULL, MD5SUM VARCHAR(35), DESCRIPTION VARCHAR(255), COMMENTS VARCHAR(255), TAG VARCHAR(255), LIQUIBASE VARCHAR(20), CONTEXTS VARCHAR(255), LABELS VARCHAR(255), DEPLOYMENT_ID VARCHAR(10))
2022-03-04 11:57:03,687 INFO l.e.j.JdbcExecutor [main] SELECT COUNT(*) FROM PUBLIC.DATABASECHANGELOG
2022-03-04 11:57:03,687 INFO l.c.StandardChangeLogHistoryService [main] Reading from PUBLIC.DATABASECHANGELOG
2022-03-04 11:57:03,688 INFO l.e.j.JdbcExecutor [main] SELECT * FROM PUBLIC.DATABASECHANGELOG ORDER BY DATEEXECUTED ASC, ORDEREXECUTED ASC
2022-03-04 11:57:03,689 INFO l.e.j.JdbcExecutor [main] SELECT COUNT(*) FROM PUBLIC.DATABASECHANGELOGLOCK
2022-03-04 11:57:03,697 INFO l.e.j.JdbcExecutor [main] CREATE TABLE PUBLIC.USER (ID NUMBER(38) AUTO_INCREMENT NOT NULL, USER_NAME NVARCHAR(25), PASSWORD NVARCHAR(25), EMAIL NVARCHAR(25), FIRST_NAME NVARCHAR(25), SURNAME1 NVARCHAR(25), SURNAME2 NVARCHAR(25), NIF NVARCHAR(9), CREATED_DATE TIMESTAMP, MODIFIED_DATE TIMESTAMP, CONSTRAINT USER_PK PRIMARY KEY (ID))
2022-03-04 11:57:03,703 INFO l.c.ChangeSet [main] Table USER created
2022-03-04 11:57:03,703 INFO l.c.ChangeSet [main] ChangeSet db.changelog-ddl-v1.0.0.xml::USER-TABLE::martin.pons ran successfully in 8ms
2022-03-04 11:57:03,703 INFO l.e.j.JdbcExecutor [main] SELECT MAX(ORDEREXECUTED) FROM PUBLIC.DATABASECHANGELOG
2022-03-04 11:57:03,707 INFO l.e.j.JdbcExecutor [main] INSERT INTO PUBLIC.DATABASECHANGELOG (ID, AUTHOR, FILENAME, DATEEXECUTED, ORDEREXECUTED, MD5SUM, DESCRIPTION, COMMENTS, EXECTYPE, CONTEXTS, LABELS, LIQUIBASE, DEPLOYMENT_ID) VALUES ('USER-TABLE', 'martin.pons', 'db.changelog-ddl-v1.0.0.xml', NOW(), 1, '8:ac29d2289086c092a667689b31783da9', 'createTable tableName=USER', '', 'EXECUTED', NULL, NULL, '3.8.0', '6391423689')
2022-03-04 11:57:03,716 INFO l.l.StandardLockService [main] Successfully released change log lock
2022-03-04 12:01:48,417 INFO l.e.j.JdbcExecutor [main] SELECT COUNT(*) FROM PUBLIC.DATABASECHANGELOGLOCK
2022-03-04 12:01:48,428 INFO l.e.j.JdbcExecutor [main] CREATE TABLE PUBLIC.DATABASECHANGELOGLOCK (ID INT NOT NULL, LOCKED BOOLEAN NOT NULL, LOCKGRANTED TIMESTAMP, LOCKEDBY VARCHAR(255), CONSTRAINT PK_DATABASECHANGELOGLOCK PRIMARY KEY (ID))
2022-03-04 12:01:48,433 INFO l.e.j.JdbcExecutor [main] SELECT COUNT(*) FROM PUBLIC.DATABASECHANGELOGLOCK
2022-03-04 12:01:48,436 INFO l.e.j.JdbcExecutor [main] DELETE FROM PUBLIC.DATABASECHANGELOGLOCK
2022-03-04 12:01:48,437 INFO l.e.j.JdbcExecutor [main] INSERT INTO PUBLIC.DATABASECHANGELOGLOCK (ID, LOCKED) VALUES (1, FALSE)
2022-03-04 12:01:48,439 INFO l.e.j.JdbcExecutor [main] SELECT LOCKED FROM PUBLIC.DATABASECHANGELOGLOCK WHERE ID=1
2022-03-04 12:01:48,446 INFO l.l.StandardLockService [main] Successfully acquired change log lock
2022-03-04 12:01:49,212 INFO l.c.StandardChangeLogHistoryService [main] Creating database history table with name: PUBLIC.DATABASECHANGELOG
2022-03-04 12:01:49,214 INFO l.e.j.JdbcExecutor [main] CREATE TABLE PUBLIC.DATABASECHANGELOG (ID VARCHAR(255) NOT NULL, AUTHOR VARCHAR(255) NOT NULL, FILENAME VARCHAR(255) NOT NULL, DATEEXECUTED TIMESTAMP NOT NULL, ORDEREXECUTED INT NOT NULL, EXECTYPE VARCHAR(10) NOT NULL, MD5SUM VARCHAR(35), DESCRIPTION VARCHAR(255), COMMENTS VARCHAR(255), TAG VARCHAR(255), LIQUIBASE VARCHAR(20), CONTEXTS VARCHAR(255), LABELS VARCHAR(255), DEPLOYMENT_ID VARCHAR(10))
2022-03-04 12:01:49,215 INFO l.e.j.JdbcExecutor [main] SELECT COUNT(*) FROM PUBLIC.DATABASECHANGELOG
2022-03-04 12:01:49,215 INFO l.c.StandardChangeLogHistoryService [main] Reading from PUBLIC.DATABASECHANGELOG
2022-03-04 12:01:49,215 INFO l.e.j.JdbcExecutor [main] SELECT * FROM PUBLIC.DATABASECHANGELOG ORDER BY DATEEXECUTED ASC, ORDEREXECUTED ASC
2022-03-04 12:01:49,216 INFO l.e.j.JdbcExecutor [main] SELECT COUNT(*) FROM PUBLIC.DATABASECHANGELOGLOCK
2022-03-04 12:01:49,225 INFO l.e.j.JdbcExecutor [main] CREATE TABLE PUBLIC.USER (ID NUMBER(38) AUTO_INCREMENT NOT NULL, USER_NAME NVARCHAR(25), PASSWORD NVARCHAR(25), EMAIL NVARCHAR(25), FIRST_NAME NVARCHAR(25), SURNAME1 NVARCHAR(25), SURNAME2 NVARCHAR(25), NIF NVARCHAR(9), CREATED_DATE TIMESTAMP, MODIFIED_DATE TIMESTAMP, CONSTRAINT USER_PK PRIMARY KEY (ID))
2022-03-04 12:01:49,231 INFO l.c.ChangeSet [main] Table USER created
2022-03-04 12:01:49,232 INFO l.c.ChangeSet [main] ChangeSet db.changelog-ddl-v1.0.0.xml::USER-TABLE::martin.pons ran successfully in 8ms
2022-03-04 12:01:49,232 INFO l.e.j.JdbcExecutor [main] SELECT MAX(ORDEREXECUTED) FROM PUBLIC.DATABASECHANGELOG
2022-03-04 12:01:49,236 INFO l.e.j.JdbcExecutor [main] INSERT INTO PUBLIC.DATABASECHANGELOG (ID, AUTHOR, FILENAME, DATEEXECUTED, ORDEREXECUTED, MD5SUM, DESCRIPTION, COMMENTS, EXECTYPE, CONTEXTS, LABELS, LIQUIBASE, DEPLOYMENT_ID) VALUES ('USER-TABLE', 'martin.pons', 'db.changelog-ddl-v1.0.0.xml', NOW(), 1, '8:ac29d2289086c092a667689b31783da9', 'createTable tableName=USER', '', 'EXECUTED', NULL, NULL, '3.8.0', '6391709216')
2022-03-04 12:01:49,246 INFO l.l.StandardLockService [main] Successfully released change log lock
2022-03-04 12:10:13,227 INFO l.e.j.JdbcExecutor [main] SELECT COUNT(*) FROM PUBLIC.DATABASECHANGELOGLOCK
2022-03-04 12:10:13,241 INFO l.e.j.JdbcExecutor [main] CREATE TABLE PUBLIC.DATABASECHANGELOGLOCK (ID INT NOT NULL, LOCKED BOOLEAN NOT NULL, LOCKGRANTED TIMESTAMP, LOCKEDBY VARCHAR(255), CONSTRAINT PK_DATABASECHANGELOGLOCK PRIMARY KEY (ID))
2022-03-04 12:10:13,247 INFO l.e.j.JdbcExecutor [main] SELECT COUNT(*) FROM PUBLIC.DATABASECHANGELOGLOCK
2022-03-04 12:10:13,250 INFO l.e.j.JdbcExecutor [main] DELETE FROM PUBLIC.DATABASECHANGELOGLOCK
2022-03-04 12:10:13,252 INFO l.e.j.JdbcExecutor [main] INSERT INTO PUBLIC.DATABASECHANGELOGLOCK (ID, LOCKED) VALUES (1, FALSE)
2022-03-04 12:10:13,255 INFO l.e.j.JdbcExecutor [main] SELECT LOCKED FROM PUBLIC.DATABASECHANGELOGLOCK WHERE ID=1
2022-03-04 12:10:13,265 INFO l.l.StandardLockService [main] Successfully acquired change log lock
2022-03-04 12:10:14,079 INFO l.c.StandardChangeLogHistoryService [main] Creating database history table with name: PUBLIC.DATABASECHANGELOG
2022-03-04 12:10:14,079 INFO l.e.j.JdbcExecutor [main] CREATE TABLE PUBLIC.DATABASECHANGELOG (ID VARCHAR(255) NOT NULL, AUTHOR VARCHAR(255) NOT NULL, FILENAME VARCHAR(255) NOT NULL, DATEEXECUTED TIMESTAMP NOT NULL, ORDEREXECUTED INT NOT NULL, EXECTYPE VARCHAR(10) NOT NULL, MD5SUM VARCHAR(35), DESCRIPTION VARCHAR(255), COMMENTS VARCHAR(255), TAG VARCHAR(255), LIQUIBASE VARCHAR(20), CONTEXTS VARCHAR(255), LABELS VARCHAR(255), DEPLOYMENT_ID VARCHAR(10))
2022-03-04 12:10:14,085 INFO l.e.j.JdbcExecutor [main] SELECT COUNT(*) FROM PUBLIC.DATABASECHANGELOG
2022-03-04 12:10:14,086 INFO l.c.StandardChangeLogHistoryService [main] Reading from PUBLIC.DATABASECHANGELOG
2022-03-04 12:10:14,086 INFO l.e.j.JdbcExecutor [main] SELECT * FROM PUBLIC.DATABASECHANGELOG ORDER BY DATEEXECUTED ASC, ORDEREXECUTED ASC
2022-03-04 12:10:14,087 INFO l.e.j.JdbcExecutor [main] SELECT COUNT(*) FROM PUBLIC.DATABASECHANGELOGLOCK
2022-03-04 12:10:14,099 INFO l.e.j.JdbcExecutor [main] CREATE TABLE PUBLIC.USER (ID NUMBER(38) AUTO_INCREMENT NOT NULL, USER_NAME NVARCHAR(25), PASSWORD NVARCHAR(25), EMAIL NVARCHAR(25), FIRST_NAME NVARCHAR(25), SURNAME1 NVARCHAR(25), SURNAME2 NVARCHAR(25), NIF NVARCHAR(9), CREATED_DATE TIMESTAMP, MODIFIED_DATE TIMESTAMP, CONSTRAINT USER_PK PRIMARY KEY (ID))
2022-03-04 12:10:14,106 INFO l.c.ChangeSet [main] Table USER created
2022-03-04 12:10:14,106 INFO l.c.ChangeSet [main] ChangeSet db.changelog-ddl-v1.0.0.xml::USER-TABLE::martin.pons ran successfully in 9ms
2022-03-04 12:10:14,107 INFO l.e.j.JdbcExecutor [main] SELECT MAX(ORDEREXECUTED) FROM PUBLIC.DATABASECHANGELOG
2022-03-04 12:10:14,113 INFO l.e.j.JdbcExecutor [main] INSERT INTO PUBLIC.DATABASECHANGELOG (ID, AUTHOR, FILENAME, DATEEXECUTED, ORDEREXECUTED, MD5SUM, DESCRIPTION, COMMENTS, EXECTYPE, CONTEXTS, LABELS, LIQUIBASE, DEPLOYMENT_ID) VALUES ('USER-TABLE', 'martin.pons', 'db.changelog-ddl-v1.0.0.xml', NOW(), 1, '8:ac29d2289086c092a667689b31783da9', 'createTable tableName=USER', '', 'EXECUTED', NULL, NULL, '3.8.0', '6392214087')
2022-03-04 12:10:14,124 INFO l.l.StandardLockService [main] Successfully released change log lock
2022-03-04 12:46:17,284 INFO l.e.j.JdbcExecutor [main] SELECT COUNT(*) FROM PUBLIC.DATABASECHANGELOGLOCK
2022-03-04 12:46:17,296 INFO l.e.j.JdbcExecutor [main] CREATE TABLE PUBLIC.DATABASECHANGELOGLOCK (ID INT NOT NULL, LOCKED BOOLEAN NOT NULL, LOCKGRANTED TIMESTAMP, LOCKEDBY VARCHAR(255), CONSTRAINT PK_DATABASECHANGELOGLOCK PRIMARY KEY (ID))
2022-03-04 12:46:17,301 INFO l.e.j.JdbcExecutor [main] SELECT COUNT(*) FROM PUBLIC.DATABASECHANGELOGLOCK
2022-03-04 12:46:17,303 INFO l.e.j.JdbcExecutor [main] DELETE FROM PUBLIC.DATABASECHANGELOGLOCK
2022-03-04 12:46:17,304 INFO l.e.j.JdbcExecutor [main] INSERT INTO PUBLIC.DATABASECHANGELOGLOCK (ID, LOCKED) VALUES (1, FALSE)
2022-03-04 12:46:17,307 INFO l.e.j.JdbcExecutor [main] SELECT LOCKED FROM PUBLIC.DATABASECHANGELOGLOCK WHERE ID=1
2022-03-04 12:46:17,315 INFO l.l.StandardLockService [main] Successfully acquired change log lock
2022-03-04 12:46:18,061 INFO l.c.StandardChangeLogHistoryService [main] Creating database history table with name: PUBLIC.DATABASECHANGELOG
2022-03-04 12:46:18,062 INFO l.e.j.JdbcExecutor [main] CREATE TABLE PUBLIC.DATABASECHANGELOG (ID VARCHAR(255) NOT NULL, AUTHOR VARCHAR(255) NOT NULL, FILENAME VARCHAR(255) NOT NULL, DATEEXECUTED TIMESTAMP NOT NULL, ORDEREXECUTED INT NOT NULL, EXECTYPE VARCHAR(10) NOT NULL, MD5SUM VARCHAR(35), DESCRIPTION VARCHAR(255), COMMENTS VARCHAR(255), TAG VARCHAR(255), LIQUIBASE VARCHAR(20), CONTEXTS VARCHAR(255), LABELS VARCHAR(255), DEPLOYMENT_ID VARCHAR(10))
2022-03-04 12:46:18,062 INFO l.e.j.JdbcExecutor [main] SELECT COUNT(*) FROM PUBLIC.DATABASECHANGELOG
2022-03-04 12:46:18,063 INFO l.c.StandardChangeLogHistoryService [main] Reading from PUBLIC.DATABASECHANGELOG
2022-03-04 12:46:18,063 INFO l.e.j.JdbcExecutor [main] SELECT * FROM PUBLIC.DATABASECHANGELOG ORDER BY DATEEXECUTED ASC, ORDEREXECUTED ASC
2022-03-04 12:46:18,064 INFO l.e.j.JdbcExecutor [main] SELECT COUNT(*) FROM PUBLIC.DATABASECHANGELOGLOCK
2022-03-04 12:46:18,080 INFO l.e.j.JdbcExecutor [main] CREATE TABLE PUBLIC.USER (ID NUMBER(38) AUTO_INCREMENT NOT NULL, USER_NAME NVARCHAR(25), PASSWORD NVARCHAR(25), EMAIL NVARCHAR(25), FIRST_NAME NVARCHAR(25), SURNAME_1 NVARCHAR(25), SURNAME_2 NVARCHAR(25), NIF NVARCHAR(9), CREATED_DATE TIMESTAMP, MODIFIED_DATE TIMESTAMP, CONSTRAINT USER_PK PRIMARY KEY (ID))
2022-03-04 12:46:18,086 INFO l.c.ChangeSet [main] Table USER created
2022-03-04 12:46:18,086 INFO l.c.ChangeSet [main] ChangeSet db.changelog-ddl-v1.0.0.xml::USER_TABLE::martin.pons ran successfully in 8ms
2022-03-04 12:46:18,087 INFO l.e.j.JdbcExecutor [main] SELECT MAX(ORDEREXECUTED) FROM PUBLIC.DATABASECHANGELOG
2022-03-04 12:46:18,091 INFO l.e.j.JdbcExecutor [main] INSERT INTO PUBLIC.DATABASECHANGELOG (ID, AUTHOR, FILENAME, DATEEXECUTED, ORDEREXECUTED, MD5SUM, DESCRIPTION, COMMENTS, EXECTYPE, CONTEXTS, LABELS, LIQUIBASE, DEPLOYMENT_ID) VALUES ('USER_TABLE', 'martin.pons', 'db.changelog-ddl-v1.0.0.xml', NOW(), 1, '8:7f693a7b8a6d04c093fe5ea79738e526', 'createTable tableName=USER', '', 'EXECUTED', NULL, NULL, '3.8.0', '6394378064')
2022-03-04 12:46:18,099 INFO l.e.j.JdbcExecutor [main] CREATE TABLE PUBLIC.CITY (ID NUMBER(38) AUTO_INCREMENT NOT NULL, NAME NVARCHAR(50), CONSTRAINT CITY_PK PRIMARY KEY (ID))
2022-03-04 12:46:18,100 INFO l.c.ChangeSet [main] Table CITY created
2022-03-04 12:46:18,100 INFO l.c.ChangeSet [main] ChangeSet db.changelog-ddl-v1.0.0.xml::CITY_TABLE::martin.pons ran successfully in 1ms
2022-03-04 12:46:18,101 INFO l.e.j.JdbcExecutor [main] INSERT INTO PUBLIC.DATABASECHANGELOG (ID, AUTHOR, FILENAME, DATEEXECUTED, ORDEREXECUTED, MD5SUM, DESCRIPTION, COMMENTS, EXECTYPE, CONTEXTS, LABELS, LIQUIBASE, DEPLOYMENT_ID) VALUES ('CITY_TABLE', 'martin.pons', 'db.changelog-ddl-v1.0.0.xml', NOW(), 2, '8:dabb2ef5a1bf9b04a6e270816bd33a05', 'createTable tableName=CITY', '', 'EXECUTED', NULL, NULL, '3.8.0', '6394378064')
2022-03-04 12:46:18,101 INFO l.e.j.JdbcExecutor [main] CREATE TABLE PUBLIC.PRODUCT_TYPE (ID NUMBER(38) AUTO_INCREMENT NOT NULL, NAME NVARCHAR(50), CONSTRAINT PRODUCT_TYPE_PK PRIMARY KEY (ID))
2022-03-04 12:46:18,103 INFO l.c.ChangeSet [main] Table PRODUCT_TYPE created
2022-03-04 12:46:18,103 INFO l.c.ChangeSet [main] ChangeSet db.changelog-ddl-v1.0.0.xml::PRODUCT_TYPE_TABLE::martin.pons ran successfully in 2ms
2022-03-04 12:46:18,104 INFO l.e.j.JdbcExecutor [main] INSERT INTO PUBLIC.DATABASECHANGELOG (ID, AUTHOR, FILENAME, DATEEXECUTED, ORDEREXECUTED, MD5SUM, DESCRIPTION, COMMENTS, EXECTYPE, CONTEXTS, LABELS, LIQUIBASE, DEPLOYMENT_ID) VALUES ('PRODUCT_TYPE_TABLE', 'martin.pons', 'db.changelog-ddl-v1.0.0.xml', NOW(), 3, '8:ed4f9e9dff319ed966b70361626db29c', 'createTable tableName=PRODUCT_TYPE', '', 'EXECUTED', NULL, NULL, '3.8.0', '6394378064')
2022-03-04 12:46:18,105 INFO l.e.j.JdbcExecutor [main] CREATE TABLE PUBLIC.COMPANY (ID NUMBER(38) AUTO_INCREMENT NOT NULL, NAME NVARCHAR(50), ADDRESS NVARCHAR(200), PHONE_NUMBER NUMBER(9, 0), CITY_ID NUMBER(38), CONSTRAINT COMPANY_PK PRIMARY KEY (ID))
2022-03-04 12:46:18,105 INFO l.c.ChangeSet [main] Table COMPANY created
2022-03-04 12:46:18,106 INFO l.e.j.JdbcExecutor [main] ALTER TABLE PUBLIC.COMPANY ADD CONSTRAINT COMPANY_CITY_FK FOREIGN KEY (CITY_ID) REFERENCES PUBLIC.CITY (ID) ON UPDATE NO ACTION ON DELETE NO ACTION
2022-03-04 12:46:18,112 INFO l.c.ChangeSet [main] Foreign key constraint added to COMPANY (CITY_ID)
2022-03-04 12:46:18,112 INFO l.c.ChangeSet [main] ChangeSet db.changelog-ddl-v1.0.0.xml::COMPANY_TABLE::martin.pons ran successfully in 7ms
2022-03-04 12:46:18,113 INFO l.e.j.JdbcExecutor [main] INSERT INTO PUBLIC.DATABASECHANGELOG (ID, AUTHOR, FILENAME, DATEEXECUTED, ORDEREXECUTED, MD5SUM, DESCRIPTION, COMMENTS, EXECTYPE, CONTEXTS, LABELS, LIQUIBASE, DEPLOYMENT_ID) VALUES ('COMPANY_TABLE', 'martin.pons', 'db.changelog-ddl-v1.0.0.xml', NOW(), 4, '8:e246c52079749a86e1c0eeea9ee52445', 'createTable tableName=COMPANY; addForeignKeyConstraint baseTableName=COMPANY, constraintName=COMPANY_CITY_FK, referencedTableName=CITY', '', 'EXECUTED', NULL, NULL, '3.8.0', '6394378064')
2022-03-04 12:46:18,114 INFO l.e.j.JdbcExecutor [main] CREATE TABLE PUBLIC.PRODUCT (ID NUMBER(38) AUTO_INCREMENT NOT NULL, NAME NVARCHAR(50), PRODUCT_TYPE_ID NUMBER(38), DESCRIPTION NVARCHAR(500), IMAGE_URL NVARCHAR(500), COMPANY_ID NUMBER(38), CONSTRAINT PRODUCT_PK PRIMARY KEY (ID))
2022-03-04 12:46:18,115 INFO l.c.ChangeSet [main] Table PRODUCT created
2022-03-04 12:46:18,115 INFO l.e.j.JdbcExecutor [main] ALTER TABLE PUBLIC.PRODUCT ADD CONSTRAINT PRODUCT_PRODUCT_TYPE_FK FOREIGN KEY (PRODUCT_TYPE_ID) REFERENCES PUBLIC.PRODUCT_TYPE (ID) ON UPDATE NO ACTION ON DELETE NO ACTION
2022-03-04 12:46:18,116 INFO l.c.ChangeSet [main] Foreign key constraint added to PRODUCT (PRODUCT_TYPE_ID)
2022-03-04 12:46:18,117 INFO l.e.j.JdbcExecutor [main] ALTER TABLE PUBLIC.PRODUCT ADD CONSTRAINT PRODUCT_COMPANY_FK FOREIGN KEY (COMPANY_ID) REFERENCES PUBLIC.COMPANY (ID) ON UPDATE NO ACTION ON DELETE NO ACTION
2022-03-04 12:46:18,118 INFO l.c.ChangeSet [main] Foreign key constraint added to PRODUCT (COMPANY_ID)
2022-03-04 12:46:18,118 INFO l.c.ChangeSet [main] ChangeSet db.changelog-ddl-v1.0.0.xml::PRODUCT_TABLE::martin.pons ran successfully in 5ms
2022-03-04 12:46:18,119 INFO l.e.j.JdbcExecutor [main] INSERT INTO PUBLIC.DATABASECHANGELOG (ID, AUTHOR, FILENAME, DATEEXECUTED, ORDEREXECUTED, MD5SUM, DESCRIPTION, COMMENTS, EXECTYPE, CONTEXTS, LABELS, LIQUIBASE, DEPLOYMENT_ID) VALUES ('PRODUCT_TABLE', 'martin.pons', 'db.changelog-ddl-v1.0.0.xml', NOW(), 5, '8:cbf09fc9a3ed549d75a1a9762f01d8d2', 'createTable tableName=PRODUCT; addForeignKeyConstraint baseTableName=PRODUCT, constraintName=PRODUCT_PRODUCT_TYPE_FK, referencedTableName=PRODUCT_TYPE; addForeignKeyConstraint baseTableName=PRODUCT, constraintName=PRODUCT_COMPANY_FK, referencedTab...', '', 'EXECUTED', NULL, NULL, '3.8.0', '6394378064')
2022-03-04 12:46:18,120 INFO l.l.StandardLockService [main] Successfully released change log lock
2022-03-04 15:35:10,317 INFO l.e.j.JdbcExecutor [main] SELECT COUNT(*) FROM PUBLIC.DATABASECHANGELOGLOCK
2022-03-04 15:35:10,330 INFO l.e.j.JdbcExecutor [main] CREATE TABLE PUBLIC.DATABASECHANGELOGLOCK (ID INT NOT NULL, LOCKED BOOLEAN NOT NULL, LOCKGRANTED TIMESTAMP, LOCKEDBY VARCHAR(255), CONSTRAINT PK_DATABASECHANGELOGLOCK PRIMARY KEY (ID))
2022-03-04 15:35:10,334 INFO l.e.j.JdbcExecutor [main] SELECT COUNT(*) FROM PUBLIC.DATABASECHANGELOGLOCK
2022-03-04 15:35:10,337 INFO l.e.j.JdbcExecutor [main] DELETE FROM PUBLIC.DATABASECHANGELOGLOCK
2022-03-04 15:35:10,338 INFO l.e.j.JdbcExecutor [main] INSERT INTO PUBLIC.DATABASECHANGELOGLOCK (ID, LOCKED) VALUES (1, FALSE)
2022-03-04 15:35:10,341 INFO l.e.j.JdbcExecutor [main] SELECT LOCKED FROM PUBLIC.DATABASECHANGELOGLOCK WHERE ID=1
2022-03-04 15:35:10,348 INFO l.l.StandardLockService [main] Successfully acquired change log lock
2022-03-04 15:35:11,079 INFO l.c.StandardChangeLogHistoryService [main] Creating database history table with name: PUBLIC.DATABASECHANGELOG
2022-03-04 15:35:11,080 INFO l.e.j.JdbcExecutor [main] CREATE TABLE PUBLIC.DATABASECHANGELOG (ID VARCHAR(255) NOT NULL, AUTHOR VARCHAR(255) NOT NULL, FILENAME VARCHAR(255) NOT NULL, DATEEXECUTED TIMESTAMP NOT NULL, ORDEREXECUTED INT NOT NULL, EXECTYPE VARCHAR(10) NOT NULL, MD5SUM VARCHAR(35), DESCRIPTION VARCHAR(255), COMMENTS VARCHAR(255), TAG VARCHAR(255), LIQUIBASE VARCHAR(20), CONTEXTS VARCHAR(255), LABELS VARCHAR(255), DEPLOYMENT_ID VARCHAR(10))
2022-03-04 15:35:11,081 INFO l.e.j.JdbcExecutor [main] SELECT COUNT(*) FROM PUBLIC.DATABASECHANGELOG
2022-03-04 15:35:11,081 INFO l.c.StandardChangeLogHistoryService [main] Reading from PUBLIC.DATABASECHANGELOG
2022-03-04 15:35:11,082 INFO l.e.j.JdbcExecutor [main] SELECT * FROM PUBLIC.DATABASECHANGELOG ORDER BY DATEEXECUTED ASC, ORDEREXECUTED ASC
2022-03-04 15:35:11,083 INFO l.e.j.JdbcExecutor [main] SELECT COUNT(*) FROM PUBLIC.DATABASECHANGELOGLOCK
2022-03-04 15:35:11,117 INFO l.e.j.JdbcExecutor [main] CREATE TABLE PUBLIC.USER (ID NUMBER(38) AUTO_INCREMENT NOT NULL, USER_NAME NVARCHAR(25), PASSWORD NVARCHAR(25), EMAIL NVARCHAR(25), FIRST_NAME NVARCHAR(25), SURNAME_1 NVARCHAR(25), SURNAME_2 NVARCHAR(25), NIF NVARCHAR(9), CREATED_DATE TIMESTAMP, MODIFIED_DATE TIMESTAMP, CONSTRAINT USER_PK PRIMARY KEY (ID))
2022-03-04 15:35:11,123 INFO l.c.ChangeSet [main] Table USER created
2022-03-04 15:35:11,123 INFO l.c.ChangeSet [main] ChangeSet db.changelog-ddl-v1.0.0.xml::USER_TABLE::martin.pons ran successfully in 8ms
2022-03-04 15:35:11,124 INFO l.e.j.JdbcExecutor [main] SELECT MAX(ORDEREXECUTED) FROM PUBLIC.DATABASECHANGELOG
2022-03-04 15:35:11,128 INFO l.e.j.JdbcExecutor [main] INSERT INTO PUBLIC.DATABASECHANGELOG (ID, AUTHOR, FILENAME, DATEEXECUTED, ORDEREXECUTED, MD5SUM, DESCRIPTION, COMMENTS, EXECTYPE, CONTEXTS, LABELS, LIQUIBASE, DEPLOYMENT_ID) VALUES ('USER_TABLE', 'martin.pons', 'db.changelog-ddl-v1.0.0.xml', NOW(), 1, '8:7f693a7b8a6d04c093fe5ea79738e526', 'createTable tableName=USER', '', 'EXECUTED', NULL, NULL, '3.8.0', '6404511083')
2022-03-04 15:35:11,136 INFO l.e.j.JdbcExecutor [main] CREATE TABLE PUBLIC.CITY (ID NUMBER(38) AUTO_INCREMENT NOT NULL, NAME NVARCHAR(50), CONSTRAINT CITY_PK PRIMARY KEY (ID))
2022-03-04 15:35:11,137 INFO l.c.ChangeSet [main] Table CITY created
2022-03-04 15:35:11,137 INFO l.c.ChangeSet [main] ChangeSet db.changelog-ddl-v1.0.0.xml::CITY_TABLE::martin.pons ran successfully in 1ms
2022-03-04 15:35:11,138 INFO l.e.j.JdbcExecutor [main] INSERT INTO PUBLIC.DATABASECHANGELOG (ID, AUTHOR, FILENAME, DATEEXECUTED, ORDEREXECUTED, MD5SUM, DESCRIPTION, COMMENTS, EXECTYPE, CONTEXTS, LABELS, LIQUIBASE, DEPLOYMENT_ID) VALUES ('CITY_TABLE', 'martin.pons', 'db.changelog-ddl-v1.0.0.xml', NOW(), 2, '8:dabb2ef5a1bf9b04a6e270816bd33a05', 'createTable tableName=CITY', '', 'EXECUTED', NULL, NULL, '3.8.0', '6404511083')
2022-03-04 15:35:11,139 INFO l.e.j.JdbcExecutor [main] CREATE TABLE PUBLIC.PRODUCT_TYPE (ID NUMBER(38) AUTO_INCREMENT NOT NULL, NAME NVARCHAR(50), CONSTRAINT PRODUCT_TYPE_PK PRIMARY KEY (ID))
2022-03-04 15:35:11,140 INFO l.c.ChangeSet [main] Table PRODUCT_TYPE created
2022-03-04 15:35:11,140 INFO l.c.ChangeSet [main] ChangeSet db.changelog-ddl-v1.0.0.xml::PRODUCT_TYPE_TABLE::martin.pons ran successfully in 1ms
2022-03-04 15:35:11,141 INFO l.e.j.JdbcExecutor [main] INSERT INTO PUBLIC.DATABASECHANGELOG (ID, AUTHOR, FILENAME, DATEEXECUTED, ORDEREXECUTED, MD5SUM, DESCRIPTION, COMMENTS, EXECTYPE, CONTEXTS, LABELS, LIQUIBASE, DEPLOYMENT_ID) VALUES ('PRODUCT_TYPE_TABLE', 'martin.pons', 'db.changelog-ddl-v1.0.0.xml', NOW(), 3, '8:ed4f9e9dff319ed966b70361626db29c', 'createTable tableName=PRODUCT_TYPE', '', 'EXECUTED', NULL, NULL, '3.8.0', '6404511083')
2022-03-04 15:35:11,143 INFO l.e.j.JdbcExecutor [main] CREATE TABLE PUBLIC.COMPANY (ID NUMBER(38) AUTO_INCREMENT NOT NULL, NAME NVARCHAR(50), ADDRESS NVARCHAR(200), PHONE_NUMBER NUMBER(9, 0), CITY_ID NUMBER(38), CONSTRAINT COMPANY_PK PRIMARY KEY (ID))
2022-03-04 15:35:11,144 INFO l.c.ChangeSet [main] Table COMPANY created
2022-03-04 15:35:11,144 INFO l.e.j.JdbcExecutor [main] ALTER TABLE PUBLIC.COMPANY ADD CONSTRAINT COMPANY_CITY_FK FOREIGN KEY (CITY_ID) REFERENCES PUBLIC.CITY (ID) ON UPDATE NO ACTION ON DELETE NO ACTION
2022-03-04 15:35:11,150 INFO l.c.ChangeSet [main] Foreign key constraint added to COMPANY (CITY_ID)
2022-03-04 15:35:11,151 INFO l.c.ChangeSet [main] ChangeSet db.changelog-ddl-v1.0.0.xml::COMPANY_TABLE::martin.pons ran successfully in 9ms
2022-03-04 15:35:11,152 INFO l.e.j.JdbcExecutor [main] INSERT INTO PUBLIC.DATABASECHANGELOG (ID, AUTHOR, FILENAME, DATEEXECUTED, ORDEREXECUTED, MD5SUM, DESCRIPTION, COMMENTS, EXECTYPE, CONTEXTS, LABELS, LIQUIBASE, DEPLOYMENT_ID) VALUES ('COMPANY_TABLE', 'martin.pons', 'db.changelog-ddl-v1.0.0.xml', NOW(), 4, '8:e246c52079749a86e1c0eeea9ee52445', 'createTable tableName=COMPANY; addForeignKeyConstraint baseTableName=COMPANY, constraintName=COMPANY_CITY_FK, referencedTableName=CITY', '', 'EXECUTED', NULL, NULL, '3.8.0', '6404511083')
2022-03-04 15:35:11,153 INFO l.e.j.JdbcExecutor [main] CREATE TABLE PUBLIC.PRODUCT (ID NUMBER(38) AUTO_INCREMENT NOT NULL, NAME NVARCHAR(50), PRODUCT_TYPE_ID NUMBER(38), DESCRIPTION NVARCHAR(500), IMAGE_URL NVARCHAR(500), COMPANY_ID NUMBER(38), CONSTRAINT PRODUCT_PK PRIMARY KEY (ID))
2022-03-04 15:35:11,154 INFO l.c.ChangeSet [main] Table PRODUCT created
2022-03-04 15:35:11,154 INFO l.e.j.JdbcExecutor [main] ALTER TABLE PUBLIC.PRODUCT ADD CONSTRAINT PRODUCT_PRODUCT_TYPE_FK FOREIGN KEY (PRODUCT_TYPE_ID) REFERENCES PUBLIC.PRODUCT_TYPE (ID) ON UPDATE NO ACTION ON DELETE NO ACTION
2022-03-04 15:35:11,155 INFO l.c.ChangeSet [main] Foreign key constraint added to PRODUCT (PRODUCT_TYPE_ID)
2022-03-04 15:35:11,156 INFO l.e.j.JdbcExecutor [main] ALTER TABLE PUBLIC.PRODUCT ADD CONSTRAINT PRODUCT_COMPANY_FK FOREIGN KEY (COMPANY_ID) REFERENCES PUBLIC.COMPANY (ID) ON UPDATE NO ACTION ON DELETE NO ACTION
2022-03-04 15:35:11,157 INFO l.c.ChangeSet [main] Foreign key constraint added to PRODUCT (COMPANY_ID)
2022-03-04 15:35:11,157 INFO l.c.ChangeSet [main] ChangeSet db.changelog-ddl-v1.0.0.xml::PRODUCT_TABLE::martin.pons ran successfully in 5ms
2022-03-04 15:35:11,158 INFO l.e.j.JdbcExecutor [main] INSERT INTO PUBLIC.DATABASECHANGELOG (ID, AUTHOR, FILENAME, DATEEXECUTED, ORDEREXECUTED, MD5SUM, DESCRIPTION, COMMENTS, EXECTYPE, CONTEXTS, LABELS, LIQUIBASE, DEPLOYMENT_ID) VALUES ('PRODUCT_TABLE', 'martin.pons', 'db.changelog-ddl-v1.0.0.xml', NOW(), 5, '8:cbf09fc9a3ed549d75a1a9762f01d8d2', 'createTable tableName=PRODUCT; addForeignKeyConstraint baseTableName=PRODUCT, constraintName=PRODUCT_PRODUCT_TYPE_FK, referencedTableName=PRODUCT_TYPE; addForeignKeyConstraint baseTableName=PRODUCT, constraintName=PRODUCT_COMPANY_FK, referencedTab...', '', 'EXECUTED', NULL, NULL, '3.8.0', '6404511083')
2022-03-04 15:35:11,160 INFO l.e.j.JdbcExecutor [main] INSERT INTO PUBLIC.CITY (NAME) VALUES ('Amsterdam')
2022-03-04 15:35:11,161 INFO l.c.ChangeSet [main] New row inserted into CITY
2022-03-04 15:35:11,162 INFO l.c.ChangeSet [main] ChangeSet db.changelog-data-v1.0.0.xml::ADD_CITY_DATA::martin.pons ran successfully in 3ms
2022-03-04 15:35:11,163 INFO l.e.j.JdbcExecutor [main] INSERT INTO PUBLIC.DATABASECHANGELOG (ID, AUTHOR, FILENAME, DATEEXECUTED, ORDEREXECUTED, MD5SUM, DESCRIPTION, COMMENTS, EXECTYPE, CONTEXTS, LABELS, LIQUIBASE, DEPLOYMENT_ID) VALUES ('ADD_CITY_DATA', 'martin.pons', 'db.changelog-data-v1.0.0.xml', NOW(), 6, '8:730a4c7b94472af5266a93a0b61ee0c9', 'insert tableName=CITY', '', 'EXECUTED', NULL, NULL, '3.8.0', '6404511083')
2022-03-04 15:35:11,163 INFO l.e.j.JdbcExecutor [main] INSERT INTO PUBLIC.PRODUCT_TYPE (NAME) VALUES ('Informática')
2022-03-04 15:35:11,164 INFO l.c.ChangeSet [main] New row inserted into PRODUCT_TYPE
2022-03-04 15:35:11,164 INFO l.c.ChangeSet [main] ChangeSet db.changelog-data-v1.0.0.xml::ADD_PRODUCT_TYPE::martin.pons ran successfully in 1ms
2022-03-04 15:35:11,164 INFO l.e.j.JdbcExecutor [main] INSERT INTO PUBLIC.DATABASECHANGELOG (ID, AUTHOR, FILENAME, DATEEXECUTED, ORDEREXECUTED, MD5SUM, DESCRIPTION, COMMENTS, EXECTYPE, CONTEXTS, LABELS, LIQUIBASE, DEPLOYMENT_ID) VALUES ('ADD_PRODUCT_TYPE', 'martin.pons', 'db.changelog-data-v1.0.0.xml', NOW(), 7, '8:c427762e695b9e95f42ffc93bdf8cc99', 'insert tableName=PRODUCT_TYPE', '', 'EXECUTED', NULL, NULL, '3.8.0', '6404511083')
2022-03-04 15:35:11,166 INFO l.l.StandardLockService [main] Successfully released change log lock
2022-03-04 15:39:35,201 INFO l.e.j.JdbcExecutor [main] SELECT COUNT(*) FROM PUBLIC.DATABASECHANGELOGLOCK
2022-03-04 15:39:35,213 INFO l.e.j.JdbcExecutor [main] CREATE TABLE PUBLIC.DATABASECHANGELOGLOCK (ID INT NOT NULL, LOCKED BOOLEAN NOT NULL, LOCKGRANTED TIMESTAMP, LOCKEDBY VARCHAR(255), CONSTRAINT PK_DATABASECHANGELOGLOCK PRIMARY KEY (ID))
2022-03-04 15:39:35,218 INFO l.e.j.JdbcExecutor [main] SELECT COUNT(*) FROM PUBLIC.DATABASECHANGELOGLOCK
2022-03-04 15:39:35,220 INFO l.e.j.JdbcExecutor [main] DELETE FROM PUBLIC.DATABASECHANGELOGLOCK
2022-03-04 15:39:35,221 INFO l.e.j.JdbcExecutor [main] INSERT INTO PUBLIC.DATABASECHANGELOGLOCK (ID, LOCKED) VALUES (1, FALSE)
2022-03-04 15:39:35,224 INFO l.e.j.JdbcExecutor [main] SELECT LOCKED FROM PUBLIC.DATABASECHANGELOGLOCK WHERE ID=1
2022-03-04 15:39:35,231 INFO l.l.StandardLockService [main] Successfully acquired change log lock
2022-03-04 15:39:35,960 INFO l.c.StandardChangeLogHistoryService [main] Creating database history table with name: PUBLIC.DATABASECHANGELOG
2022-03-04 15:39:35,961 INFO l.e.j.JdbcExecutor [main] CREATE TABLE PUBLIC.DATABASECHANGELOG (ID VARCHAR(255) NOT NULL, AUTHOR VARCHAR(255) NOT NULL, FILENAME VARCHAR(255) NOT NULL, DATEEXECUTED TIMESTAMP NOT NULL, ORDEREXECUTED INT NOT NULL, EXECTYPE VARCHAR(10) NOT NULL, MD5SUM VARCHAR(35), DESCRIPTION VARCHAR(255), COMMENTS VARCHAR(255), TAG VARCHAR(255), LIQUIBASE VARCHAR(20), CONTEXTS VARCHAR(255), LABELS VARCHAR(255), DEPLOYMENT_ID VARCHAR(10))
2022-03-04 15:39:35,961 INFO l.e.j.JdbcExecutor [main] SELECT COUNT(*) FROM PUBLIC.DATABASECHANGELOG
2022-03-04 15:39:35,962 INFO l.c.StandardChangeLogHistoryService [main] Reading from PUBLIC.DATABASECHANGELOG
2022-03-04 15:39:35,962 INFO l.e.j.JdbcExecutor [main] SELECT * FROM PUBLIC.DATABASECHANGELOG ORDER BY DATEEXECUTED ASC, ORDEREXECUTED ASC
2022-03-04 15:39:35,963 INFO l.e.j.JdbcExecutor [main] SELECT COUNT(*) FROM PUBLIC.DATABASECHANGELOGLOCK
2022-03-04 15:39:35,991 INFO l.e.j.JdbcExecutor [main] CREATE TABLE PUBLIC.USER (ID NUMBER(38) AUTO_INCREMENT NOT NULL, USER_NAME NVARCHAR(25), PASSWORD NVARCHAR(25), EMAIL NVARCHAR(25), FIRST_NAME NVARCHAR(25), SURNAME_1 NVARCHAR(25), SURNAME_2 NVARCHAR(25), NIF NVARCHAR(9), CREATED_DATE TIMESTAMP, MODIFIED_DATE TIMESTAMP, CONSTRAINT USER_PK PRIMARY KEY (ID))
2022-03-04 15:39:35,997 INFO l.c.ChangeSet [main] Table USER created
2022-03-04 15:39:35,997 INFO l.c.ChangeSet [main] ChangeSet db.changelog-ddl-v1.0.0.xml::USER_TABLE::martin.pons ran successfully in 8ms
2022-03-04 15:39:35,998 INFO l.e.j.JdbcExecutor [main] SELECT MAX(ORDEREXECUTED) FROM PUBLIC.DATABASECHANGELOG
2022-03-04 15:39:36,002 INFO l.e.j.JdbcExecutor [main] INSERT INTO PUBLIC.DATABASECHANGELOG (ID, AUTHOR, FILENAME, DATEEXECUTED, ORDEREXECUTED, MD5SUM, DESCRIPTION, COMMENTS, EXECTYPE, CONTEXTS, LABELS, LIQUIBASE, DEPLOYMENT_ID) VALUES ('USER_TABLE', 'martin.pons', 'db.changelog-ddl-v1.0.0.xml', NOW(), 1, '8:7f693a7b8a6d04c093fe5ea79738e526', 'createTable tableName=USER', '', 'EXECUTED', NULL, NULL, '3.8.0', '6404775963')
2022-03-04 15:39:36,010 INFO l.e.j.JdbcExecutor [main] CREATE TABLE PUBLIC.CITY (ID NUMBER(38) AUTO_INCREMENT NOT NULL, NAME NVARCHAR(50), CONSTRAINT CITY_PK PRIMARY KEY (ID))
2022-03-04 15:39:36,011 INFO l.c.ChangeSet [main] Table CITY created
2022-03-04 15:39:36,011 INFO l.c.ChangeSet [main] ChangeSet db.changelog-ddl-v1.0.0.xml::CITY_TABLE::martin.pons ran successfully in 1ms
2022-03-04 15:39:36,012 INFO l.e.j.JdbcExecutor [main] INSERT INTO PUBLIC.DATABASECHANGELOG (ID, AUTHOR, FILENAME, DATEEXECUTED, ORDEREXECUTED, MD5SUM, DESCRIPTION, COMMENTS, EXECTYPE, CONTEXTS, LABELS, LIQUIBASE, DEPLOYMENT_ID) VALUES ('CITY_TABLE', 'martin.pons', 'db.changelog-ddl-v1.0.0.xml', NOW(), 2, '8:dabb2ef5a1bf9b04a6e270816bd33a05', 'createTable tableName=CITY', '', 'EXECUTED', NULL, NULL, '3.8.0', '6404775963')
2022-03-04 15:39:36,013 INFO l.e.j.JdbcExecutor [main] CREATE TABLE PUBLIC.PRODUCT_TYPE (ID NUMBER(38) AUTO_INCREMENT NOT NULL, NAME NVARCHAR(50), CONSTRAINT PRODUCT_TYPE_PK PRIMARY KEY (ID))
2022-03-04 15:39:36,014 INFO l.c.ChangeSet [main] Table PRODUCT_TYPE created
2022-03-04 15:39:36,014 INFO l.c.ChangeSet [main] ChangeSet db.changelog-ddl-v1.0.0.xml::PRODUCT_TYPE_TABLE::martin.pons ran successfully in 1ms
2022-03-04 15:39:36,015 INFO l.e.j.JdbcExecutor [main] INSERT INTO PUBLIC.DATABASECHANGELOG (ID, AUTHOR, FILENAME, DATEEXECUTED, ORDEREXECUTED, MD5SUM, DESCRIPTION, COMMENTS, EXECTYPE, CONTEXTS, LABELS, LIQUIBASE, DEPLOYMENT_ID) VALUES ('PRODUCT_TYPE_TABLE', 'martin.pons', 'db.changelog-ddl-v1.0.0.xml', NOW(), 3, '8:ed4f9e9dff319ed966b70361626db29c', 'createTable tableName=PRODUCT_TYPE', '', 'EXECUTED', NULL, NULL, '3.8.0', '6404775963')
2022-03-04 15:39:36,017 INFO l.e.j.JdbcExecutor [main] CREATE TABLE PUBLIC.COMPANY (ID NUMBER(38) AUTO_INCREMENT NOT NULL, NAME NVARCHAR(50), ADDRESS NVARCHAR(200), PHONE_NUMBER NUMBER(9, 0), CITY_ID NUMBER(38), CONSTRAINT COMPANY_PK PRIMARY KEY (ID))
2022-03-04 15:39:36,018 INFO l.c.ChangeSet [main] Table COMPANY created
2022-03-04 15:39:36,018 INFO l.e.j.JdbcExecutor [main] ALTER TABLE PUBLIC.COMPANY ADD CONSTRAINT COMPANY_CITY_FK FOREIGN KEY (CITY_ID) REFERENCES PUBLIC.CITY (ID) ON UPDATE NO ACTION ON DELETE NO ACTION
2022-03-04 15:39:36,024 INFO l.c.ChangeSet [main] Foreign key constraint added to COMPANY (CITY_ID)
2022-03-04 15:39:36,024 INFO l.c.ChangeSet [main] ChangeSet db.changelog-ddl-v1.0.0.xml::COMPANY_TABLE::martin.pons ran successfully in 8ms
2022-03-04 15:39:36,025 INFO l.e.j.JdbcExecutor [main] INSERT INTO PUBLIC.DATABASECHANGELOG (ID, AUTHOR, FILENAME, DATEEXECUTED, ORDEREXECUTED, MD5SUM, DESCRIPTION, COMMENTS, EXECTYPE, CONTEXTS, LABELS, LIQUIBASE, DEPLOYMENT_ID) VALUES ('COMPANY_TABLE', 'martin.pons', 'db.changelog-ddl-v1.0.0.xml', NOW(), 4, '8:e246c52079749a86e1c0eeea9ee52445', 'createTable tableName=COMPANY; addForeignKeyConstraint baseTableName=COMPANY, constraintName=COMPANY_CITY_FK, referencedTableName=CITY', '', 'EXECUTED', NULL, NULL, '3.8.0', '6404775963')
2022-03-04 15:39:36,026 INFO l.e.j.JdbcExecutor [main] CREATE TABLE PUBLIC.PRODUCT (ID NUMBER(38) AUTO_INCREMENT NOT NULL, NAME NVARCHAR(50), PRODUCT_TYPE_ID NUMBER(38), DESCRIPTION NVARCHAR(500), IMAGE_URL NVARCHAR(500), COMPANY_ID NUMBER(38), CONSTRAINT PRODUCT_PK PRIMARY KEY (ID))
2022-03-04 15:39:36,027 INFO l.c.ChangeSet [main] Table PRODUCT created
2022-03-04 15:39:36,028 INFO l.e.j.JdbcExecutor [main] ALTER TABLE PUBLIC.PRODUCT ADD CONSTRAINT PRODUCT_PRODUCT_TYPE_FK FOREIGN KEY (PRODUCT_TYPE_ID) REFERENCES PUBLIC.PRODUCT_TYPE (ID) ON UPDATE NO ACTION ON DELETE NO ACTION
2022-03-04 15:39:36,029 INFO l.c.ChangeSet [main] Foreign key constraint added to PRODUCT (PRODUCT_TYPE_ID)
2022-03-04 15:39:36,029 INFO l.e.j.JdbcExecutor [main] ALTER TABLE PUBLIC.PRODUCT ADD CONSTRAINT PRODUCT_COMPANY_FK FOREIGN KEY (COMPANY_ID) REFERENCES PUBLIC.COMPANY (ID) ON UPDATE NO ACTION ON DELETE NO ACTION
2022-03-04 15:39:36,030 INFO l.c.ChangeSet [main] Foreign key constraint added to PRODUCT (COMPANY_ID)
2022-03-04 15:39:36,030 INFO l.c.ChangeSet [main] ChangeSet db.changelog-ddl-v1.0.0.xml::PRODUCT_TABLE::martin.pons ran successfully in 4ms
2022-03-04 15:39:36,031 INFO l.e.j.JdbcExecutor [main] INSERT INTO PUBLIC.DATABASECHANGELOG (ID, AUTHOR, FILENAME, DATEEXECUTED, ORDEREXECUTED, MD5SUM, DESCRIPTION, COMMENTS, EXECTYPE, CONTEXTS, LABELS, LIQUIBASE, DEPLOYMENT_ID) VALUES ('PRODUCT_TABLE', 'martin.pons', 'db.changelog-ddl-v1.0.0.xml', NOW(), 5, '8:cbf09fc9a3ed549d75a1a9762f01d8d2', 'createTable tableName=PRODUCT; addForeignKeyConstraint baseTableName=PRODUCT, constraintName=PRODUCT_PRODUCT_TYPE_FK, referencedTableName=PRODUCT_TYPE; addForeignKeyConstraint baseTableName=PRODUCT, constraintName=PRODUCT_COMPANY_FK, referencedTab...', '', 'EXECUTED', NULL, NULL, '3.8.0', '6404775963')
2022-03-04 15:39:36,032 INFO l.e.j.JdbcExecutor [main] INSERT INTO PUBLIC.CITY (NAME) VALUES ('Barcelona')
2022-03-04 15:39:36,034 INFO l.c.ChangeSet [main] New row inserted into CITY
2022-03-04 15:39:36,034 INFO l.e.j.JdbcExecutor [main] INSERT INTO PUBLIC.CITY (NAME) VALUES ('Madrid')
2022-03-04 15:39:36,035 INFO l.c.ChangeSet [main] New row inserted into CITY
2022-03-04 15:39:36,035 INFO l.e.j.JdbcExecutor [main] INSERT INTO PUBLIC.CITY (NAME) VALUES ('Palma de Mallorca')
2022-03-04 15:39:36,035 INFO l.c.ChangeSet [main] New row inserted into CITY
2022-03-04 15:39:36,035 INFO l.e.j.JdbcExecutor [main] INSERT INTO PUBLIC.CITY (NAME) VALUES ('New York')
2022-03-04 15:39:36,035 INFO l.c.ChangeSet [main] New row inserted into CITY
2022-03-04 15:39:36,036 INFO l.e.j.JdbcExecutor [main] INSERT INTO PUBLIC.CITY (NAME) VALUES ('Chicago')
2022-03-04 15:39:36,036 INFO l.c.ChangeSet [main] New row inserted into CITY
2022-03-04 15:39:36,036 INFO l.e.j.JdbcExecutor [main] INSERT INTO PUBLIC.CITY (NAME) VALUES ('Tokio')
2022-03-04 15:39:36,036 INFO l.c.ChangeSet [main] New row inserted into CITY
2022-03-04 15:39:36,036 INFO l.e.j.JdbcExecutor [main] INSERT INTO PUBLIC.CITY (NAME) VALUES ('París')
2022-03-04 15:39:36,037 INFO l.c.ChangeSet [main] New row inserted into CITY
2022-03-04 15:39:36,037 INFO l.e.j.JdbcExecutor [main] INSERT INTO PUBLIC.CITY (NAME) VALUES ('London')
2022-03-04 15:39:36,037 INFO l.c.ChangeSet [main] New row inserted into CITY
2022-03-04 15:39:36,037 INFO l.e.j.JdbcExecutor [main] INSERT INTO PUBLIC.CITY (NAME) VALUES ('Singapur')
2022-03-04 15:39:36,037 INFO l.c.ChangeSet [main] New row inserted into CITY
2022-03-04 15:39:36,037 INFO l.e.j.JdbcExecutor [main] INSERT INTO PUBLIC.CITY (NAME) VALUES ('Amsterdam')
2022-03-04 15:39:36,038 INFO l.c.ChangeSet [main] New row inserted into CITY
2022-03-04 15:39:36,038 INFO l.c.ChangeSet [main] ChangeSet db.changelog-data-v1.0.0.xml::ADD_CITY_DATA::martin.pons ran successfully in 6ms
2022-03-04 15:39:36,039 INFO l.e.j.JdbcExecutor [main] INSERT INTO PUBLIC.DATABASECHANGELOG (ID, AUTHOR, FILENAME, DATEEXECUTED, ORDEREXECUTED, MD5SUM, DESCRIPTION, COMMENTS, EXECTYPE, CONTEXTS, LABELS, LIQUIBASE, DEPLOYMENT_ID) VALUES ('ADD_CITY_DATA', 'martin.pons', 'db.changelog-data-v1.0.0.xml', NOW(), 6, '8:4059f3b394d59f314ebc9c6e5bc620f6', 'insert tableName=CITY; insert tableName=CITY; insert tableName=CITY; insert tableName=CITY; insert tableName=CITY; insert tableName=CITY; insert tableName=CITY; insert tableName=CITY; insert tableName=CITY; insert tableName=CITY', '', 'EXECUTED', NULL, NULL, '3.8.0', '6404775963')
2022-03-04 15:39:36,040 INFO l.e.j.JdbcExecutor [main] INSERT INTO PUBLIC.PRODUCT_TYPE (NAME) VALUES ('Electrodomésticos')
2022-03-04 15:39:36,040 INFO l.c.ChangeSet [main] New row inserted into PRODUCT_TYPE
2022-03-04 15:39:36,041 INFO l.e.j.JdbcExecutor [main] INSERT INTO PUBLIC.PRODUCT_TYPE (NAME) VALUES ('Accesorios')
2022-03-04 15:39:36,041 INFO l.c.ChangeSet [main] New row inserted into PRODUCT_TYPE
2022-03-04 15:39:36,041 INFO l.e.j.JdbcExecutor [main] INSERT INTO PUBLIC.PRODUCT_TYPE (NAME) VALUES ('Muebles')
2022-03-04 15:39:36,041 INFO l.c.ChangeSet [main] New row inserted into PRODUCT_TYPE
2022-03-04 15:39:36,042 INFO l.e.j.JdbcExecutor [main] INSERT INTO PUBLIC.PRODUCT_TYPE (NAME) VALUES ('Zapatos')
2022-03-04 15:39:36,042 INFO l.c.ChangeSet [main] New row inserted into PRODUCT_TYPE
2022-03-04 15:39:36,042 INFO l.e.j.JdbcExecutor [main] INSERT INTO PUBLIC.PRODUCT_TYPE (NAME) VALUES ('Ropa Hombre')
2022-03-04 15:39:36,042 INFO l.c.ChangeSet [main] New row inserted into PRODUCT_TYPE
2022-03-04 15:39:36,042 INFO l.e.j.JdbcExecutor [main] INSERT INTO PUBLIC.PRODUCT_TYPE (NAME) VALUES ('Ropa Mujer')
2022-03-04 15:39:36,043 INFO l.c.ChangeSet [main] New row inserted into PRODUCT_TYPE
2022-03-04 15:39:36,043 INFO l.e.j.JdbcExecutor [main] INSERT INTO PUBLIC.PRODUCT_TYPE (NAME) VALUES ('Utensilios')
2022-03-04 15:39:36,043 INFO l.c.ChangeSet [main] New row inserted into PRODUCT_TYPE
2022-03-04 15:39:36,043 INFO l.e.j.JdbcExecutor [main] INSERT INTO PUBLIC.PRODUCT_TYPE (NAME) VALUES ('Videojuegos')
2022-03-04 15:39:36,043 INFO l.c.ChangeSet [main] New row inserted into PRODUCT_TYPE
2022-03-04 15:39:36,044 INFO l.e.j.JdbcExecutor [main] INSERT INTO PUBLIC.PRODUCT_TYPE (NAME) VALUES ('Informática')
2022-03-04 15:39:36,044 INFO l.c.ChangeSet [main] New row inserted into PRODUCT_TYPE
2022-03-04 15:39:36,044 INFO l.c.ChangeSet [main] ChangeSet db.changelog-data-v1.0.0.xml::ADD_PRODUCT_TYPE::martin.pons ran successfully in 4ms
2022-03-04 15:39:36,045 INFO l.e.j.JdbcExecutor [main] INSERT INTO PUBLIC.DATABASECHANGELOG (ID, AUTHOR, FILENAME, DATEEXECUTED, ORDEREXECUTED, MD5SUM, DESCRIPTION, COMMENTS, EXECTYPE, CONTEXTS, LABELS, LIQUIBASE, DEPLOYMENT_ID) VALUES ('ADD_PRODUCT_TYPE', 'martin.pons', 'db.changelog-data-v1.0.0.xml', NOW(), 7, '8:c387bfacb2df4f0169a33a2f898fcae7', 'insert tableName=PRODUCT_TYPE; insert tableName=PRODUCT_TYPE; insert tableName=PRODUCT_TYPE; insert tableName=PRODUCT_TYPE; insert tableName=PRODUCT_TYPE; insert tableName=PRODUCT_TYPE; insert tableName=PRODUCT_TYPE; insert tableName=PRODUCT_TYPE;...', '', 'EXECUTED', NULL, NULL, '3.8.0', '6404775963')
2022-03-04 15:39:36,046 INFO l.l.StandardLockService [main] Successfully released change log lock
2022-03-06 20:01:30,545 INFO l.e.j.JdbcExecutor [main] SELECT COUNT(*) FROM PUBLIC.DATABASECHANGELOGLOCK
2022-03-06 20:01:30,562 INFO l.e.j.JdbcExecutor [main] CREATE TABLE PUBLIC.DATABASECHANGELOGLOCK (ID INT NOT NULL, LOCKED BOOLEAN NOT NULL, LOCKGRANTED TIMESTAMP, LOCKEDBY VARCHAR(255), CONSTRAINT PK_DATABASECHANGELOGLOCK PRIMARY KEY (ID))
2022-03-06 20:01:30,568 INFO l.e.j.JdbcExecutor [main] SELECT COUNT(*) FROM PUBLIC.DATABASECHANGELOGLOCK
2022-03-06 20:01:30,570 INFO l.e.j.JdbcExecutor [main] DELETE FROM PUBLIC.DATABASECHANGELOGLOCK
2022-03-06 20:01:30,572 INFO l.e.j.JdbcExecutor [main] INSERT INTO PUBLIC.DATABASECHANGELOGLOCK (ID, LOCKED) VALUES (1, FALSE)
2022-03-06 20:01:30,575 INFO l.e.j.JdbcExecutor [main] SELECT LOCKED FROM PUBLIC.DATABASECHANGELOGLOCK WHERE ID=1
2022-03-06 20:01:30,584 INFO l.l.StandardLockService [main] Successfully acquired change log lock
2022-03-06 20:01:31,316 INFO l.c.StandardChangeLogHistoryService [main] Creating database history table with name: PUBLIC.DATABASECHANGELOG
2022-03-06 20:01:31,316 INFO l.e.j.JdbcExecutor [main] CREATE TABLE PUBLIC.DATABASECHANGELOG (ID VARCHAR(255) NOT NULL, AUTHOR VARCHAR(255) NOT NULL, FILENAME VARCHAR(255) NOT NULL, DATEEXECUTED TIMESTAMP NOT NULL, ORDEREXECUTED INT NOT NULL, EXECTYPE VARCHAR(10) NOT NULL, MD5SUM VARCHAR(35), DESCRIPTION VARCHAR(255), COMMENTS VARCHAR(255), TAG VARCHAR(255), LIQUIBASE VARCHAR(20), CONTEXTS VARCHAR(255), LABELS VARCHAR(255), DEPLOYMENT_ID VARCHAR(10))
2022-03-06 20:01:31,317 INFO l.e.j.JdbcExecutor [main] SELECT COUNT(*) FROM PUBLIC.DATABASECHANGELOG
2022-03-06 20:01:31,317 INFO l.c.StandardChangeLogHistoryService [main] Reading from PUBLIC.DATABASECHANGELOG
2022-03-06 20:01:31,318 INFO l.e.j.JdbcExecutor [main] SELECT * FROM PUBLIC.DATABASECHANGELOG ORDER BY DATEEXECUTED ASC, ORDEREXECUTED ASC
2022-03-06 20:01:31,318 INFO l.e.j.JdbcExecutor [main] SELECT COUNT(*) FROM PUBLIC.DATABASECHANGELOGLOCK
2022-03-06 20:01:31,345 INFO l.e.j.JdbcExecutor [main] CREATE TABLE PUBLIC.USER (ID NUMBER(38) AUTO_INCREMENT NOT NULL, USER_NAME NVARCHAR(25), PASSWORD NVARCHAR(25), EMAIL NVARCHAR(25), FIRST_NAME NVARCHAR(25), SURNAME_1 NVARCHAR(25), SURNAME_2 NVARCHAR(25), NIF NVARCHAR(9), CREATED_DATE TIMESTAMP, MODIFIED_DATE TIMESTAMP, CONSTRAINT USER_PK PRIMARY KEY (ID))
2022-03-06 20:01:31,351 INFO l.c.ChangeSet [main] Table USER created
2022-03-06 20:01:31,351 INFO l.c.ChangeSet [main] ChangeSet db.changelog-ddl-v1.0.0.xml::USER_TABLE::martin.pons ran successfully in 8ms
2022-03-06 20:01:31,352 INFO l.e.j.JdbcExecutor [main] SELECT MAX(ORDEREXECUTED) FROM PUBLIC.DATABASECHANGELOG
2022-03-06 20:01:31,356 INFO l.e.j.JdbcExecutor [main] INSERT INTO PUBLIC.DATABASECHANGELOG (ID, AUTHOR, FILENAME, DATEEXECUTED, ORDEREXECUTED, MD5SUM, DESCRIPTION, COMMENTS, EXECTYPE, CONTEXTS, LABELS, LIQUIBASE, DEPLOYMENT_ID) VALUES ('USER_TABLE', 'martin.pons', 'db.changelog-ddl-v1.0.0.xml', NOW(), 1, '8:7f693a7b8a6d04c093fe5ea79738e526', 'createTable tableName=USER', '', 'EXECUTED', NULL, NULL, '3.8.0', '6593291319')
2022-03-06 20:01:31,366 INFO l.e.j.JdbcExecutor [main] CREATE TABLE PUBLIC.CITY (ID NUMBER(38) AUTO_INCREMENT NOT NULL, NAME NVARCHAR(50), CONSTRAINT CITY_PK PRIMARY KEY (ID))
2022-03-06 20:01:31,366 INFO l.c.ChangeSet [main] Table CITY created
2022-03-06 20:01:31,367 INFO l.c.ChangeSet [main] ChangeSet db.changelog-ddl-v1.0.0.xml::CITY_TABLE::martin.pons ran successfully in 2ms
2022-03-06 20:01:31,367 INFO l.e.j.JdbcExecutor [main] INSERT INTO PUBLIC.DATABASECHANGELOG (ID, AUTHOR, FILENAME, DATEEXECUTED, ORDEREXECUTED, MD5SUM, DESCRIPTION, COMMENTS, EXECTYPE, CONTEXTS, LABELS, LIQUIBASE, DEPLOYMENT_ID) VALUES ('CITY_TABLE', 'martin.pons', 'db.changelog-ddl-v1.0.0.xml', NOW(), 2, '8:dabb2ef5a1bf9b04a6e270816bd33a05', 'createTable tableName=CITY', '', 'EXECUTED', NULL, NULL, '3.8.0', '6593291319')
2022-03-06 20:01:31,368 INFO l.e.j.JdbcExecutor [main] CREATE TABLE PUBLIC.PRODUCT_TYPE (ID NUMBER(38) AUTO_INCREMENT NOT NULL, NAME NVARCHAR(50), CONSTRAINT PRODUCT_TYPE_PK PRIMARY KEY (ID))
2022-03-06 20:01:31,369 INFO l.c.ChangeSet [main] Table PRODUCT_TYPE created
2022-03-06 20:01:31,369 INFO l.c.ChangeSet [main] ChangeSet db.changelog-ddl-v1.0.0.xml::PRODUCT_TYPE_TABLE::martin.pons ran successfully in 1ms
2022-03-06 20:01:31,370 INFO l.e.j.JdbcExecutor [main] INSERT INTO PUBLIC.DATABASECHANGELOG (ID, AUTHOR, FILENAME, DATEEXECUTED, ORDEREXECUTED, MD5SUM, DESCRIPTION, COMMENTS, EXECTYPE, CONTEXTS, LABELS, LIQUIBASE, DEPLOYMENT_ID) VALUES ('PRODUCT_TYPE_TABLE', 'martin.pons', 'db.changelog-ddl-v1.0.0.xml', NOW(), 3, '8:ed4f9e9dff319ed966b70361626db29c', 'createTable tableName=PRODUCT_TYPE', '', 'EXECUTED', NULL, NULL, '3.8.0', '6593291319')
2022-03-06 20:01:31,372 INFO l.e.j.JdbcExecutor [main] CREATE TABLE PUBLIC.COMPANY (ID NUMBER(38) AUTO_INCREMENT NOT NULL, NAME NVARCHAR(50), ADDRESS NVARCHAR(200), PHONE_NUMBER NUMBER(9, 0), CITY_ID NUMBER(38), CONSTRAINT COMPANY_PK PRIMARY KEY (ID))
2022-03-06 20:01:31,373 INFO l.c.ChangeSet [main] Table COMPANY created
2022-03-06 20:01:31,373 INFO l.e.j.JdbcExecutor [main] ALTER TABLE PUBLIC.COMPANY ADD CONSTRAINT COMPANY_CITY_FK FOREIGN KEY (CITY_ID) REFERENCES PUBLIC.CITY (ID) ON UPDATE NO ACTION ON DELETE NO ACTION
2022-03-06 20:01:31,379 INFO l.c.ChangeSet [main] Foreign key constraint added to COMPANY (CITY_ID)
2022-03-06 20:01:31,380 INFO l.c.ChangeSet [main] ChangeSet db.changelog-ddl-v1.0.0.xml::COMPANY_TABLE::martin.pons ran successfully in 9ms
2022-03-06 20:01:31,381 INFO l.e.j.JdbcExecutor [main] INSERT INTO PUBLIC.DATABASECHANGELOG (ID, AUTHOR, FILENAME, DATEEXECUTED, ORDEREXECUTED, MD5SUM, DESCRIPTION, COMMENTS, EXECTYPE, CONTEXTS, LABELS, LIQUIBASE, DEPLOYMENT_ID) VALUES ('COMPANY_TABLE', 'martin.pons', 'db.changelog-ddl-v1.0.0.xml', NOW(), 4, '8:e246c52079749a86e1c0eeea9ee52445', 'createTable tableName=COMPANY; addForeignKeyConstraint baseTableName=COMPANY, constraintName=COMPANY_CITY_FK, referencedTableName=CITY', '', 'EXECUTED', NULL, NULL, '3.8.0', '6593291319')
2022-03-06 20:01:31,382 INFO l.e.j.JdbcExecutor [main] CREATE TABLE PUBLIC.PRODUCT (ID NUMBER(38) AUTO_INCREMENT NOT NULL, NAME NVARCHAR(50), PRODUCT_TYPE_ID NUMBER(38), DESCRIPTION NVARCHAR(500), IMAGE_URL NVARCHAR(500), COMPANY_ID NUMBER(38), CONSTRAINT PRODUCT_PK PRIMARY KEY (ID))
2022-03-06 20:01:31,383 INFO l.c.ChangeSet [main] Table PRODUCT created
2022-03-06 20:01:31,384 INFO l.e.j.JdbcExecutor [main] ALTER TABLE PUBLIC.PRODUCT ADD CONSTRAINT PRODUCT_PRODUCT_TYPE_FK FOREIGN KEY (PRODUCT_TYPE_ID) REFERENCES PUBLIC.PRODUCT_TYPE (ID) ON UPDATE NO ACTION ON DELETE NO ACTION
2022-03-06 20:01:31,385 INFO l.c.ChangeSet [main] Foreign key constraint added to PRODUCT (PRODUCT_TYPE_ID)
2022-03-06 20:01:31,385 INFO l.e.j.JdbcExecutor [main] ALTER TABLE PUBLIC.PRODUCT ADD CONSTRAINT PRODUCT_COMPANY_FK FOREIGN KEY (COMPANY_ID) REFERENCES PUBLIC.COMPANY (ID) ON UPDATE NO ACTION ON DELETE NO ACTION
2022-03-06 20:01:31,386 INFO l.c.ChangeSet [main] Foreign key constraint added to PRODUCT (COMPANY_ID)
2022-03-06 20:01:31,386 INFO l.c.ChangeSet [main] ChangeSet db.changelog-ddl-v1.0.0.xml::PRODUCT_TABLE::martin.pons ran successfully in 4ms
2022-03-06 20:01:31,388 INFO l.e.j.JdbcExecutor [main] INSERT INTO PUBLIC.DATABASECHANGELOG (ID, AUTHOR, FILENAME, DATEEXECUTED, ORDEREXECUTED, MD5SUM, DESCRIPTION, COMMENTS, EXECTYPE, CONTEXTS, LABELS, LIQUIBASE, DEPLOYMENT_ID) VALUES ('PRODUCT_TABLE', 'martin.pons', 'db.changelog-ddl-v1.0.0.xml', NOW(), 5, '8:cbf09fc9a3ed549d75a1a9762f01d8d2', 'createTable tableName=PRODUCT; addForeignKeyConstraint baseTableName=PRODUCT, constraintName=PRODUCT_PRODUCT_TYPE_FK, referencedTableName=PRODUCT_TYPE; addForeignKeyConstraint baseTableName=PRODUCT, constraintName=PRODUCT_COMPANY_FK, referencedTab...', '', 'EXECUTED', NULL, NULL, '3.8.0', '6593291319')
2022-03-06 20:01:31,388 INFO l.e.j.JdbcExecutor [main] INSERT INTO PUBLIC.CITY (NAME) VALUES ('Barcelona')
2022-03-06 20:01:31,390 INFO l.c.ChangeSet [main] New row inserted into CITY
2022-03-06 20:01:31,391 INFO l.e.j.JdbcExecutor [main] INSERT INTO PUBLIC.CITY (NAME) VALUES ('Madrid')
2022-03-06 20:01:31,391 INFO l.c.ChangeSet [main] New row inserted into CITY
2022-03-06 20:01:31,391 INFO l.e.j.JdbcExecutor [main] INSERT INTO PUBLIC.CITY (NAME) VALUES ('Palma de Mallorca')
2022-03-06 20:01:31,391 INFO l.c.ChangeSet [main] New row inserted into CITY
2022-03-06 20:01:31,391 INFO l.e.j.JdbcExecutor [main] INSERT INTO PUBLIC.CITY (NAME) VALUES ('New York')
2022-03-06 20:01:31,392 INFO l.c.ChangeSet [main] New row inserted into CITY
2022-03-06 20:01:31,392 INFO l.e.j.JdbcExecutor [main] INSERT INTO PUBLIC.CITY (NAME) VALUES ('Chicago')
2022-03-06 20:01:31,392 INFO l.c.ChangeSet [main] New row inserted into CITY
2022-03-06 20:01:31,392 INFO l.e.j.JdbcExecutor [main] INSERT INTO PUBLIC.CITY (NAME) VALUES ('Tokio')
2022-03-06 20:01:31,393 INFO l.c.ChangeSet [main] New row inserted into CITY
2022-03-06 20:01:31,393 INFO l.e.j.JdbcExecutor [main] INSERT INTO PUBLIC.CITY (NAME) VALUES ('París')
2022-03-06 20:01:31,393 INFO l.c.ChangeSet [main] New row inserted into CITY
2022-03-06 20:01:31,393 INFO l.e.j.JdbcExecutor [main] INSERT INTO PUBLIC.CITY (NAME) VALUES ('London')
2022-03-06 20:01:31,393 INFO l.c.ChangeSet [main] New row inserted into CITY
2022-03-06 20:01:31,394 INFO l.e.j.JdbcExecutor [main] INSERT INTO PUBLIC.CITY (NAME) VALUES ('Singapur')
2022-03-06 20:01:31,394 INFO l.c.ChangeSet [main] New row inserted into CITY
2022-03-06 20:01:31,394 INFO l.e.j.JdbcExecutor [main] INSERT INTO PUBLIC.CITY (NAME) VALUES ('Amsterdam')
2022-03-06 20:01:31,394 INFO l.c.ChangeSet [main] New row inserted into CITY
2022-03-06 20:01:31,395 INFO l.c.ChangeSet [main] ChangeSet db.changelog-data-v1.0.0.xml::ADD_CITY_DATA::martin.pons ran successfully in 7ms
2022-03-06 20:01:31,396 INFO l.e.j.JdbcExecutor [main] INSERT INTO PUBLIC.DATABASECHANGELOG (ID, AUTHOR, FILENAME, DATEEXECUTED, ORDEREXECUTED, MD5SUM, DESCRIPTION, COMMENTS, EXECTYPE, CONTEXTS, LABELS, LIQUIBASE, DEPLOYMENT_ID) VALUES ('ADD_CITY_DATA', 'martin.pons', 'db.changelog-data-v1.0.0.xml', NOW(), 6, '8:4059f3b394d59f314ebc9c6e5bc620f6', 'insert tableName=CITY; insert tableName=CITY; insert tableName=CITY; insert tableName=CITY; insert tableName=CITY; insert tableName=CITY; insert tableName=CITY; insert tableName=CITY; insert tableName=CITY; insert tableName=CITY', '', 'EXECUTED', NULL, NULL, '3.8.0', '6593291319')
2022-03-06 20:01:31,397 INFO l.e.j.JdbcExecutor [main] INSERT INTO PUBLIC.PRODUCT_TYPE (NAME) VALUES ('Electrodomésticos')
2022-03-06 20:01:31,398 INFO l.c.ChangeSet [main] New row inserted into PRODUCT_TYPE
2022-03-06 20:01:31,398 INFO l.e.j.JdbcExecutor [main] INSERT INTO PUBLIC.PRODUCT_TYPE (NAME) VALUES ('Accesorios')
2022-03-06 20:01:31,398 INFO l.c.ChangeSet [main] New row inserted into PRODUCT_TYPE
2022-03-06 20:01:31,398 INFO l.e.j.JdbcExecutor [main] INSERT INTO PUBLIC.PRODUCT_TYPE (NAME) VALUES ('Muebles')
2022-03-06 20:01:31,399 INFO l.c.ChangeSet [main] New row inserted into PRODUCT_TYPE
2022-03-06 20:01:31,399 INFO l.e.j.JdbcExecutor [main] INSERT INTO PUBLIC.PRODUCT_TYPE (NAME) VALUES ('Zapatos')
2022-03-06 20:01:31,399 INFO l.c.ChangeSet [main] New row inserted into PRODUCT_TYPE
2022-03-06 20:01:31,399 INFO l.e.j.JdbcExecutor [main] INSERT INTO PUBLIC.PRODUCT_TYPE (NAME) VALUES ('Ropa Hombre')
2022-03-06 20:01:31,399 INFO l.c.ChangeSet [main] New row inserted into PRODUCT_TYPE
2022-03-06 20:01:31,400 INFO l.e.j.JdbcExecutor [main] INSERT INTO PUBLIC.PRODUCT_TYPE (NAME) VALUES ('Ropa Mujer')
2022-03-06 20:01:31,400 INFO l.c.ChangeSet [main] New row inserted into PRODUCT_TYPE
2022-03-06 20:01:31,400 INFO l.e.j.JdbcExecutor [main] INSERT INTO PUBLIC.PRODUCT_TYPE (NAME) VALUES ('Utensilios')
2022-03-06 20:01:31,400 INFO l.c.ChangeSet [main] New row inserted into PRODUCT_TYPE
2022-03-06 20:01:31,400 INFO l.e.j.JdbcExecutor [main] INSERT INTO PUBLIC.PRODUCT_TYPE (NAME) VALUES ('Videojuegos')
2022-03-06 20:01:31,400 INFO l.c.ChangeSet [main] New row inserted into PRODUCT_TYPE
2022-03-06 20:01:31,401 INFO l.e.j.JdbcExecutor [main] INSERT INTO PUBLIC.PRODUCT_TYPE (NAME) VALUES ('Informática')
2022-03-06 20:01:31,401 INFO l.c.ChangeSet [main] New row inserted into PRODUCT_TYPE
2022-03-06 20:01:31,401 INFO l.c.ChangeSet [main] ChangeSet db.changelog-data-v1.0.0.xml::ADD_PRODUCT_TYPE::martin.pons ran successfully in 4ms
2022-03-06 20:01:31,402 INFO l.e.j.JdbcExecutor [main] INSERT INTO PUBLIC.DATABASECHANGELOG (ID, AUTHOR, FILENAME, DATEEXECUTED, ORDEREXECUTED, MD5SUM, DESCRIPTION, COMMENTS, EXECTYPE, CONTEXTS, LABELS, LIQUIBASE, DEPLOYMENT_ID) VALUES ('ADD_PRODUCT_TYPE', 'martin.pons', 'db.changelog-data-v1.0.0.xml', NOW(), 7, '8:c387bfacb2df4f0169a33a2f898fcae7', 'insert tableName=PRODUCT_TYPE; insert tableName=PRODUCT_TYPE; insert tableName=PRODUCT_TYPE; insert tableName=PRODUCT_TYPE; insert tableName=PRODUCT_TYPE; insert tableName=PRODUCT_TYPE; insert tableName=PRODUCT_TYPE; insert tableName=PRODUCT_TYPE;...', '', 'EXECUTED', NULL, NULL, '3.8.0', '6593291319')
2022-03-06 20:01:31,404 INFO l.l.StandardLockService [main] Successfully released change log lock
2022-03-07 21:46:55,531 INFO l.e.j.JdbcExecutor [main] SELECT COUNT(*) FROM PUBLIC.DATABASECHANGELOGLOCK
2022-03-07 21:46:55,553 INFO l.e.j.JdbcExecutor [main] CREATE TABLE PUBLIC.DATABASECHANGELOGLOCK (ID INT NOT NULL, LOCKED BOOLEAN NOT NULL, LOCKGRANTED TIMESTAMP, LOCKEDBY VARCHAR(255), CONSTRAINT PK_DATABASECHANGELOGLOCK PRIMARY KEY (ID))
2022-03-07 21:46:55,559 INFO l.e.j.JdbcExecutor [main] SELECT COUNT(*) FROM PUBLIC.DATABASECHANGELOGLOCK
2022-03-07 21:46:55,561 INFO l.e.j.JdbcExecutor [main] DELETE FROM PUBLIC.DATABASECHANGELOGLOCK
2022-03-07 21:46:55,562 INFO l.e.j.JdbcExecutor [main] INSERT INTO PUBLIC.DATABASECHANGELOGLOCK (ID, LOCKED) VALUES (1, FALSE)
2022-03-07 21:46:55,566 INFO l.e.j.JdbcExecutor [main] SELECT LOCKED FROM PUBLIC.DATABASECHANGELOGLOCK WHERE ID=1
2022-03-07 21:46:55,574 INFO l.l.StandardLockService [main] Successfully acquired change log lock
2022-03-07 21:46:56,335 INFO l.c.StandardChangeLogHistoryService [main] Creating database history table with name: PUBLIC.DATABASECHANGELOG
2022-03-07 21:46:56,336 INFO l.e.j.JdbcExecutor [main] CREATE TABLE PUBLIC.DATABASECHANGELOG (ID VARCHAR(255) NOT NULL, AUTHOR VARCHAR(255) NOT NULL, FILENAME VARCHAR(255) NOT NULL, DATEEXECUTED TIMESTAMP NOT NULL, ORDEREXECUTED INT NOT NULL, EXECTYPE VARCHAR(10) NOT NULL, MD5SUM VARCHAR(35), DESCRIPTION VARCHAR(255), COMMENTS VARCHAR(255), TAG VARCHAR(255), LIQUIBASE VARCHAR(20), CONTEXTS VARCHAR(255), LABELS VARCHAR(255), DEPLOYMENT_ID VARCHAR(10))
2022-03-07 21:46:56,337 INFO l.e.j.JdbcExecutor [main] SELECT COUNT(*) FROM PUBLIC.DATABASECHANGELOG
2022-03-07 21:46:56,337 INFO l.c.StandardChangeLogHistoryService [main] Reading from PUBLIC.DATABASECHANGELOG
2022-03-07 21:46:56,338 INFO l.e.j.JdbcExecutor [main] SELECT * FROM PUBLIC.DATABASECHANGELOG ORDER BY DATEEXECUTED ASC, ORDEREXECUTED ASC
2022-03-07 21:46:56,339 INFO l.e.j.JdbcExecutor [main] SELECT COUNT(*) FROM PUBLIC.DATABASECHANGELOGLOCK
2022-03-07 21:46:56,365 INFO l.e.j.JdbcExecutor [main] CREATE TABLE PUBLIC.USER (ID NUMBER(38) AUTO_INCREMENT NOT NULL, USER_NAME NVARCHAR(25), PASSWORD NVARCHAR(25), EMAIL NVARCHAR(25), FIRST_NAME NVARCHAR(25), SURNAME_1 NVARCHAR(25), SURNAME_2 NVARCHAR(25), NIF NVARCHAR(9), CREATED_DATE TIMESTAMP, MODIFIED_DATE TIMESTAMP, CONSTRAINT USER_PK PRIMARY KEY (ID))
2022-03-07 21:46:56,371 INFO l.c.ChangeSet [main] Table USER created
2022-03-07 21:46:56,372 INFO l.c.ChangeSet [main] ChangeSet db.changelog-ddl-v1.0.0.xml::USER_TABLE::martin.pons ran successfully in 9ms
2022-03-07 21:46:56,372 INFO l.e.j.JdbcExecutor [main] SELECT MAX(ORDEREXECUTED) FROM PUBLIC.DATABASECHANGELOG
2022-03-07 21:46:56,377 INFO l.e.j.JdbcExecutor [main] INSERT INTO PUBLIC.DATABASECHANGELOG (ID, AUTHOR, FILENAME, DATEEXECUTED, ORDEREXECUTED, MD5SUM, DESCRIPTION, COMMENTS, EXECTYPE, CONTEXTS, LABELS, LIQUIBASE, DEPLOYMENT_ID) VALUES ('USER_TABLE', 'martin.pons', 'db.changelog-ddl-v1.0.0.xml', NOW(), 1, '8:7f693a7b8a6d04c093fe5ea79738e526', 'createTable tableName=USER', '', 'EXECUTED', NULL, NULL, '3.8.0', '6686016339')
2022-03-07 21:46:56,386 INFO l.e.j.JdbcExecutor [main] CREATE TABLE PUBLIC.CITY (ID NUMBER(38) AUTO_INCREMENT NOT NULL, NAME NVARCHAR(50), CONSTRAINT CITY_PK PRIMARY KEY (ID))
2022-03-07 21:46:56,387 INFO l.c.ChangeSet [main] Table CITY created
2022-03-07 21:46:56,388 INFO l.c.ChangeSet [main] ChangeSet db.changelog-ddl-v1.0.0.xml::CITY_TABLE::martin.pons ran successfully in 2ms
2022-03-07 21:46:56,389 INFO l.e.j.JdbcExecutor [main] INSERT INTO PUBLIC.DATABASECHANGELOG (ID, AUTHOR, FILENAME, DATEEXECUTED, ORDEREXECUTED, MD5SUM, DESCRIPTION, COMMENTS, EXECTYPE, CONTEXTS, LABELS, LIQUIBASE, DEPLOYMENT_ID) VALUES ('CITY_TABLE', 'martin.pons', 'db.changelog-ddl-v1.0.0.xml', NOW(), 2, '8:dabb2ef5a1bf9b04a6e270816bd33a05', 'createTable tableName=CITY', '', 'EXECUTED', NULL, NULL, '3.8.0', '6686016339')
2022-03-07 21:46:56,390 INFO l.e.j.JdbcExecutor [main] CREATE TABLE PUBLIC.PRODUCT_TYPE (ID NUMBER(38) AUTO_INCREMENT NOT NULL, NAME NVARCHAR(50), CONSTRAINT PRODUCT_TYPE_PK PRIMARY KEY (ID))
2022-03-07 21:46:56,390 INFO l.c.ChangeSet [main] Table PRODUCT_TYPE created
2022-03-07 21:46:56,391 INFO l.c.ChangeSet [main] ChangeSet db.changelog-ddl-v1.0.0.xml::PRODUCT_TYPE_TABLE::martin.pons ran successfully in 2ms
2022-03-07 21:46:56,392 INFO l.e.j.JdbcExecutor [main] INSERT INTO PUBLIC.DATABASECHANGELOG (ID, AUTHOR, FILENAME, DATEEXECUTED, ORDEREXECUTED, MD5SUM, DESCRIPTION, COMMENTS, EXECTYPE, CONTEXTS, LABELS, LIQUIBASE, DEPLOYMENT_ID) VALUES ('PRODUCT_TYPE_TABLE', 'martin.pons', 'db.changelog-ddl-v1.0.0.xml', NOW(), 3, '8:ed4f9e9dff319ed966b70361626db29c', 'createTable tableName=PRODUCT_TYPE', '', 'EXECUTED', NULL, NULL, '3.8.0', '6686016339')
2022-03-07 21:46:56,393 INFO l.e.j.JdbcExecutor [main] CREATE TABLE PUBLIC.COMPANY (ID NUMBER(38) AUTO_INCREMENT NOT NULL, NAME NVARCHAR(50), ADDRESS NVARCHAR(200), PHONE_NUMBER NUMBER(9, 0), CITY_ID NUMBER(38), CONSTRAINT COMPANY_PK PRIMARY KEY (ID))
2022-03-07 21:46:56,394 INFO l.c.ChangeSet [main] Table COMPANY created
2022-03-07 21:46:56,394 INFO l.e.j.JdbcExecutor [main] ALTER TABLE PUBLIC.COMPANY ADD CONSTRAINT COMPANY_CITY_FK FOREIGN KEY (CITY_ID) REFERENCES PUBLIC.CITY (ID) ON UPDATE NO ACTION ON DELETE NO ACTION
2022-03-07 21:46:56,399 INFO l.c.ChangeSet [main] Foreign key constraint added to COMPANY (CITY_ID)
2022-03-07 21:46:56,399 INFO l.c.ChangeSet [main] ChangeSet db.changelog-ddl-v1.0.0.xml::COMPANY_TABLE::martin.pons ran successfully in 7ms
2022-03-07 21:46:56,400 INFO l.e.j.JdbcExecutor [main] INSERT INTO PUBLIC.DATABASECHANGELOG (ID, AUTHOR, FILENAME, DATEEXECUTED, ORDEREXECUTED, MD5SUM, DESCRIPTION, COMMENTS, EXECTYPE, CONTEXTS, LABELS, LIQUIBASE, DEPLOYMENT_ID) VALUES ('COMPANY_TABLE', 'martin.pons', 'db.changelog-ddl-v1.0.0.xml', NOW(), 4, '8:e246c52079749a86e1c0eeea9ee52445', 'createTable tableName=COMPANY; addForeignKeyConstraint baseTableName=COMPANY, constraintName=COMPANY_CITY_FK, referencedTableName=CITY', '', 'EXECUTED', NULL, NULL, '3.8.0', '6686016339')
2022-03-07 21:46:56,402 INFO l.e.j.JdbcExecutor [main] CREATE TABLE PUBLIC.PRODUCT (ID NUMBER(38) AUTO_INCREMENT NOT NULL, NAME NVARCHAR(50), PRODUCT_TYPE_ID NUMBER(38), DESCRIPTION NVARCHAR(500), IMAGE_URL NVARCHAR(500), COMPANY_ID NUMBER(38), CONSTRAINT PRODUCT_PK PRIMARY KEY (ID))
2022-03-07 21:46:56,403 INFO l.c.ChangeSet [main] Table PRODUCT created
2022-03-07 21:46:56,403 INFO l.e.j.JdbcExecutor [main] ALTER TABLE PUBLIC.PRODUCT ADD CONSTRAINT PRODUCT_PRODUCT_TYPE_FK FOREIGN KEY (PRODUCT_TYPE_ID) REFERENCES PUBLIC.PRODUCT_TYPE (ID) ON UPDATE NO ACTION ON DELETE NO ACTION
2022-03-07 21:46:56,404 INFO l.c.ChangeSet [main] Foreign key constraint added to PRODUCT (PRODUCT_TYPE_ID)
2022-03-07 21:46:56,405 INFO l.e.j.JdbcExecutor [main] ALTER TABLE PUBLIC.PRODUCT ADD CONSTRAINT PRODUCT_COMPANY_FK FOREIGN KEY (COMPANY_ID) REFERENCES PUBLIC.COMPANY (ID) ON UPDATE NO ACTION ON DELETE NO ACTION
2022-03-07 21:46:56,406 INFO l.c.ChangeSet [main] Foreign key constraint added to PRODUCT (COMPANY_ID)
2022-03-07 21:46:56,406 INFO l.c.ChangeSet [main] ChangeSet db.changelog-ddl-v1.0.0.xml::PRODUCT_TABLE::martin.pons ran successfully in 5ms
2022-03-07 21:46:56,407 INFO l.e.j.JdbcExecutor [main] INSERT INTO PUBLIC.DATABASECHANGELOG (ID, AUTHOR, FILENAME, DATEEXECUTED, ORDEREXECUTED, MD5SUM, DESCRIPTION, COMMENTS, EXECTYPE, CONTEXTS, LABELS, LIQUIBASE, DEPLOYMENT_ID) VALUES ('PRODUCT_TABLE', 'martin.pons', 'db.changelog-ddl-v1.0.0.xml', NOW(), 5, '8:cbf09fc9a3ed549d75a1a9762f01d8d2', 'createTable tableName=PRODUCT; addForeignKeyConstraint baseTableName=PRODUCT, constraintName=PRODUCT_PRODUCT_TYPE_FK, referencedTableName=PRODUCT_TYPE; addForeignKeyConstraint baseTableName=PRODUCT, constraintName=PRODUCT_COMPANY_FK, referencedTab...', '', 'EXECUTED', NULL, NULL, '3.8.0', '6686016339')
2022-03-07 21:46:56,408 INFO l.e.j.JdbcExecutor [main] INSERT INTO PUBLIC.CITY (NAME) VALUES ('Barcelona')
2022-03-07 21:46:56,410 INFO l.c.ChangeSet [main] New row inserted into CITY
2022-03-07 21:46:56,410 INFO l.e.j.JdbcExecutor [main] INSERT INTO PUBLIC.CITY (NAME) VALUES ('Madrid')
2022-03-07 21:46:56,411 INFO l.c.ChangeSet [main] New row inserted into CITY
2022-03-07 21:46:56,411 INFO l.e.j.JdbcExecutor [main] INSERT INTO PUBLIC.CITY (NAME) VALUES ('Palma de Mallorca')
2022-03-07 21:46:56,411 INFO l.c.ChangeSet [main] New row inserted into CITY
2022-03-07 21:46:56,411 INFO l.e.j.JdbcExecutor [main] INSERT INTO PUBLIC.CITY (NAME) VALUES ('New York')
2022-03-07 21:46:56,412 INFO l.c.ChangeSet [main] New row inserted into CITY
2022-03-07 21:46:56,412 INFO l.e.j.JdbcExecutor [main] INSERT INTO PUBLIC.CITY (NAME) VALUES ('Chicago')
2022-03-07 21:46:56,412 INFO l.c.ChangeSet [main] New row inserted into CITY
2022-03-07 21:46:56,412 INFO l.e.j.JdbcExecutor [main] INSERT INTO PUBLIC.CITY (NAME) VALUES ('Tokio')
2022-03-07 21:46:56,412 INFO l.c.ChangeSet [main] New row inserted into CITY
2022-03-07 21:46:56,413 INFO l.e.j.JdbcExecutor [main] INSERT INTO PUBLIC.CITY (NAME) VALUES ('París')
2022-03-07 21:46:56,413 INFO l.c.ChangeSet [main] New row inserted into CITY
2022-03-07 21:46:56,413 INFO l.e.j.JdbcExecutor [main] INSERT INTO PUBLIC.CITY (NAME) VALUES ('London')
2022-03-07 21:46:56,413 INFO l.c.ChangeSet [main] New row inserted into CITY
2022-03-07 21:46:56,413 INFO l.e.j.JdbcExecutor [main] INSERT INTO PUBLIC.CITY (NAME) VALUES ('Singapur')
2022-03-07 21:46:56,413 INFO l.c.ChangeSet [main] New row inserted into CITY
2022-03-07 21:46:56,414 INFO l.e.j.JdbcExecutor [main] INSERT INTO PUBLIC.CITY (NAME) VALUES ('Amsterdam')
2022-03-07 21:46:56,414 INFO l.c.ChangeSet [main] New row inserted into CITY
2022-03-07 21:46:56,414 INFO l.c.ChangeSet [main] ChangeSet db.changelog-data-v1.0.0.xml::ADD_CITY_DATA::martin.pons ran successfully in 6ms
2022-03-07 21:46:56,415 INFO l.e.j.JdbcExecutor [main] INSERT INTO PUBLIC.DATABASECHANGELOG (ID, AUTHOR, FILENAME, DATEEXECUTED, ORDEREXECUTED, MD5SUM, DESCRIPTION, COMMENTS, EXECTYPE, CONTEXTS, LABELS, LIQUIBASE, DEPLOYMENT_ID) VALUES ('ADD_CITY_DATA', 'martin.pons', 'db.changelog-data-v1.0.0.xml', NOW(), 6, '8:4059f3b394d59f314ebc9c6e5bc620f6', 'insert tableName=CITY; insert tableName=CITY; insert tableName=CITY; insert tableName=CITY; insert tableName=CITY; insert tableName=CITY; insert tableName=CITY; insert tableName=CITY; insert tableName=CITY; insert tableName=CITY', '', 'EXECUTED', NULL, NULL, '3.8.0', '6686016339')
2022-03-07 21:46:56,419 INFO l.e.j.JdbcExecutor [main] INSERT INTO PUBLIC.PRODUCT_TYPE (NAME) VALUES ('Electrodomésticos')
2022-03-07 21:46:56,419 INFO l.c.ChangeSet [main] New row inserted into PRODUCT_TYPE
2022-03-07 21:46:56,419 INFO l.e.j.JdbcExecutor [main] INSERT INTO PUBLIC.PRODUCT_TYPE (NAME) VALUES ('Accesorios')
2022-03-07 21:46:56,420 INFO l.c.ChangeSet [main] New row inserted into PRODUCT_TYPE
2022-03-07 21:46:56,420 INFO l.e.j.JdbcExecutor [main] INSERT INTO PUBLIC.PRODUCT_TYPE (NAME) VALUES ('Muebles')
2022-03-07 21:46:56,420 INFO l.c.ChangeSet [main] New row inserted into PRODUCT_TYPE
2022-03-07 21:46:56,420 INFO l.e.j.JdbcExecutor [main] INSERT INTO PUBLIC.PRODUCT_TYPE (NAME) VALUES ('Zapatos')
2022-03-07 21:46:56,420 INFO l.c.ChangeSet [main] New row inserted into PRODUCT_TYPE
2022-03-07 21:46:56,421 INFO l.e.j.JdbcExecutor [main] INSERT INTO PUBLIC.PRODUCT_TYPE (NAME) VALUES ('Ropa Hombre')
2022-03-07 21:46:56,421 INFO l.c.ChangeSet [main] New row inserted into PRODUCT_TYPE
2022-03-07 21:46:56,421 INFO l.e.j.JdbcExecutor [main] INSERT INTO PUBLIC.PRODUCT_TYPE (NAME) VALUES ('Ropa Mujer')
2022-03-07 21:46:56,421 INFO l.c.ChangeSet [main] New row inserted into PRODUCT_TYPE
2022-03-07 21:46:56,421 INFO l.e.j.JdbcExecutor [main] INSERT INTO PUBLIC.PRODUCT_TYPE (NAME) VALUES ('Utensilios')
2022-03-07 21:46:56,421 INFO l.c.ChangeSet [main] New row inserted into PRODUCT_TYPE
2022-03-07 21:46:56,422 INFO l.e.j.JdbcExecutor [main] INSERT INTO PUBLIC.PRODUCT_TYPE (NAME) VALUES ('Videojuegos')
2022-03-07 21:46:56,422 INFO l.c.ChangeSet [main] New row inserted into PRODUCT_TYPE
2022-03-07 21:46:56,422 INFO l.e.j.JdbcExecutor [main] INSERT INTO PUBLIC.PRODUCT_TYPE (NAME) VALUES ('Informática')
2022-03-07 21:46:56,422 INFO l.c.ChangeSet [main] New row inserted into PRODUCT_TYPE
2022-03-07 21:46:56,422 INFO l.c.ChangeSet [main] ChangeSet db.changelog-data-v1.0.0.xml::ADD_PRODUCT_TYPE::martin.pons ran successfully in 4ms
2022-03-07 21:46:56,423 INFO l.e.j.JdbcExecutor [main] INSERT INTO PUBLIC.DATABASECHANGELOG (ID, AUTHOR, FILENAME, DATEEXECUTED, ORDEREXECUTED, MD5SUM, DESCRIPTION, COMMENTS, EXECTYPE, CONTEXTS, LABELS, LIQUIBASE, DEPLOYMENT_ID) VALUES ('ADD_PRODUCT_TYPE', 'martin.pons', 'db.changelog-data-v1.0.0.xml', NOW(), 7, '8:c387bfacb2df4f0169a33a2f898fcae7', 'insert tableName=PRODUCT_TYPE; insert tableName=PRODUCT_TYPE; insert tableName=PRODUCT_TYPE; insert tableName=PRODUCT_TYPE; insert tableName=PRODUCT_TYPE; insert tableName=PRODUCT_TYPE; insert tableName=PRODUCT_TYPE; insert tableName=PRODUCT_TYPE;...', '', 'EXECUTED', NULL, NULL, '3.8.0', '6686016339')
2022-03-07 21:46:56,425 INFO l.l.StandardLockService [main] Successfully released change log lock
